--------- beginning of main
05-07 09:00:41.016 W/skia    (  529): AGTM parsing failed flags.readFromStream(s) at 159
05-07 09:00:41.339 W/InputChannel-JNI(22939): Channel already disposed.
05-07 09:00:41.351 W/skia    (  529): AGTM parsing failed flags.readFromStream(s) at 159
05-07 09:00:41.454 W/skia    (  529): AGTM parsing failed flags.readFromStream(s) at 159
05-07 09:00:41.482 W/InputChannel-JNI(22939): Channel already disposed.
05-07 09:00:41.587 W/skia    (  529): AGTM parsing failed flags.readFromStream(s) at 159
05-07 09:00:41.687 W/skia    (  529): AGTM parsing failed flags.readFromStream(s) at 159
05-07 09:00:42.117 W/InputChannel-JNI(22939): Channel already disposed.
05-07 09:00:42.134 W/skia    (  529): AGTM parsing failed flags.readFromStream(s) at 159
05-07 09:00:42.178 W/InputChannel-JNI(22939): Channel already disposed.
05-07 09:00:42.239 W/skia    (  529): AGTM parsing failed flags.readFromStream(s) at 159
05-07 09:00:42.341 W/skia    (  529): AGTM parsing failed flags.readFromStream(s) at 159
05-07 09:00:45.728 W/InputChannel-JNI(22939): Channel already disposed.
05-07 09:00:45.737 W/skia    (  529): AGTM parsing failed flags.readFromStream(s) at 159
05-07 09:00:45.838 W/skia    (  529): AGTM parsing failed flags.readFromStream(s) at 159
05-07 09:00:45.846 W/InputChannel-JNI(22939): Channel already disposed.
05-07 09:00:45.940 W/skia    (  529): AGTM parsing failed flags.readFromStream(s) at 159
05-07 09:00:46.042 W/skia    (  529): AGTM parsing failed flags.readFromStream(s) at 159
05-07 09:00:49.056 W/InputChannel-JNI(22939): Channel already disposed.
05-07 09:00:49.069 W/skia    (  529): AGTM parsing failed flags.readFromStream(s) at 159
05-07 09:00:49.170 W/skia    (  529): AGTM parsing failed flags.readFromStream(s) at 159
05-07 09:00:50.170 W/InputChannel-JNI(22939): Channel already disposed.
05-07 09:00:50.185 W/skia    (  529): AGTM parsing failed flags.readFromStream(s) at 159
05-07 09:00:50.287 W/skia    (  529): AGTM parsing failed flags.readFromStream(s) at 159
05-07 09:00:50.996 W/InputChannel-JNI(22939): Channel already disposed.
05-07 09:00:51.038 W/skia    (  529): AGTM parsing failed flags.readFromStream(s) at 159
05-07 09:00:51.140 W/skia    (  529): AGTM parsing failed flags.readFromStream(s) at 159
05-07 09:00:51.460 W/libbinder.IPCThreadState(22939): Sending oneway calls to frozen process.
05-07 09:00:51.460 W/libbinder.IPCThreadState(22939): Sending oneway calls to frozen process.
05-07 09:00:51.461 W/libbinder.IPCThreadState(22939): Sending oneway calls to frozen process.
05-07 09:00:51.461 W/libbinder.IPCThreadState(22939): Sending oneway calls to frozen process.
05-07 09:00:51.461 W/libbinder.IPCThreadState(22939): Sending oneway calls to frozen process.
05-07 09:00:51.461 W/libbinder.IPCThreadState(22939): Sending oneway calls to frozen process.
05-07 09:00:54.465 W/libbinder.IPCThreadState(22939): Sending oneway calls to frozen process.
05-07 09:00:54.466 W/libbinder.IPCThreadState(22939): Sending oneway calls to frozen process.
05-07 09:00:54.466 W/libbinder.IPCThreadState(22939): Sending oneway calls to frozen process.
05-07 09:00:54.466 W/libbinder.IPCThreadState(22939): Sending oneway calls to frozen process.
05-07 09:00:54.468 W/libbinder.IPCThreadState(22939): Sending oneway calls to frozen process.
05-07 09:00:54.468 W/libbinder.IPCThreadState(22939): Sending oneway calls to frozen process.
05-07 09:01:00.189 W/skia    (  529): AGTM parsing failed flags.readFromStream(s) at 159
05-07 09:01:03.500 W/libbinder.IPCThreadState(22939): Sending oneway calls to frozen process.
05-07 09:01:03.501 W/libbinder.IPCThreadState(22939): Sending oneway calls to frozen process.
05-07 09:01:03.501 W/libbinder.IPCThreadState(22939): Sending oneway calls to frozen process.
05-07 09:01:03.501 W/libbinder.IPCThreadState(22939): Sending oneway calls to frozen process.
05-07 09:01:03.501 W/libbinder.IPCThreadState(22939): Sending oneway calls to frozen process.
05-07 09:01:03.502 W/libbinder.IPCThreadState(22939): Sending oneway calls to frozen process.
05-07 09:01:05.130 W/InputChannel-JNI(22939): Channel already disposed.
05-07 09:01:05.196 W/skia    (  529): AGTM parsing failed flags.readFromStream(s) at 159
05-07 09:01:05.296 W/skia    (  529): AGTM parsing failed flags.readFromStream(s) at 159
05-07 09:01:09.528 W/libbinder.IPCThreadState(22939): Sending oneway calls to frozen process.
05-07 09:01:09.528 W/libbinder.IPCThreadState(22939): Sending oneway calls to frozen process.
05-07 09:01:09.528 W/libbinder.IPCThreadState(22939): Sending oneway calls to frozen process.
05-07 09:01:09.529 W/libbinder.IPCThreadState(22939): Sending oneway calls to frozen process.
05-07 09:01:09.529 W/libbinder.IPCThreadState(22939): Sending oneway calls to frozen process.
05-07 09:01:09.529 W/libbinder.IPCThreadState(22939): Sending oneway calls to frozen process.
05-07 09:01:12.555 W/libbinder.IPCThreadState(22939): Sending oneway calls to frozen process.
05-07 09:01:12.555 W/libbinder.IPCThreadState(22939): Sending oneway calls to frozen process.
05-07 09:01:12.555 W/libbinder.IPCThreadState(22939): Sending oneway calls to frozen process.
05-07 09:01:12.557 W/libbinder.IPCThreadState(22939): Sending oneway calls to frozen process.
05-07 09:01:12.557 W/libbinder.IPCThreadState(22939): Sending oneway calls to frozen process.
05-07 09:01:12.557 W/libbinder.IPCThreadState(22939): Sending oneway calls to frozen process.
--------- beginning of system
05-07 09:01:13.663 W/ProcessStats(22939): Tracking association SourceState{243799b com.google.android.gms.persistent/10224 ImpBg #2492} whose proc state 6 is better than process ProcessState{c90be6 com.google.android.gms/10224 pkg=com.google.android.gms} proc state 14 (7 skipped)
05-07 09:01:15.553 W/libbinder.IPCThreadState(22939): Sending oneway calls to frozen process.
05-07 09:01:15.554 W/libbinder.IPCThreadState(22939): Sending oneway calls to frozen process.
05-07 09:01:15.554 W/libbinder.IPCThreadState(22939): Sending oneway calls to frozen process.
05-07 09:01:20.456 W/SP      (27446): File ref is being finalized but wasn't closed, file: 2023012316_en[13]
05-07 09:01:20.456 W/SP      (27446): File ref is being finalized but wasn't closed, file: 2023012316_en[13]
05-07 09:01:20.456 W/SP      (27446): File ref is being finalized but wasn't closed, file: 2023012316_en[13]
05-07 09:01:20.456 W/SP      (27446): File ref is being finalized but wasn't closed, file: 2023012316_en[13]
05-07 09:01:20.456 W/SP      (27446): File ref is being finalized but wasn't closed, file: 2023012316_en[13]
05-07 09:01:20.456 W/SP      (27446): File ref is being finalized but wasn't closed, file: 2023012316_en[13]
05-07 09:01:27.242 W/InputChannel-JNI(22939): Channel already disposed.
05-07 09:01:27.250 W/skia    (  529): AGTM parsing failed flags.readFromStream(s) at 159
05-07 09:01:27.352 W/skia    (  529): AGTM parsing failed flags.readFromStream(s) at 159
05-07 09:01:27.605 W/libbinder.IPCThreadState(22939): Sending oneway calls to frozen process.
05-07 09:01:27.605 W/libbinder.IPCThreadState(22939): Sending oneway calls to frozen process.
05-07 09:01:27.605 W/libbinder.IPCThreadState(22939): Sending oneway calls to frozen process.
05-07 09:01:27.605 W/libbinder.IPCThreadState(22939): Sending oneway calls to frozen process.
05-07 09:01:27.605 W/libbinder.IPCThreadState(22939): Sending oneway calls to frozen process.
05-07 09:01:27.605 W/libbinder.IPCThreadState(22939): Sending oneway calls to frozen process.
05-07 09:01:30.617 W/libbinder.IPCThreadState(22939): Sending oneway calls to frozen process.
05-07 09:01:30.617 W/libbinder.IPCThreadState(22939): Sending oneway calls to frozen process.
05-07 09:01:30.617 W/libbinder.IPCThreadState(22939): Sending oneway calls to frozen process.
05-07 09:01:30.618 W/libbinder.IPCThreadState(22939): Sending oneway calls to frozen process.
05-07 09:01:30.618 W/libbinder.IPCThreadState(22939): Sending oneway calls to frozen process.
05-07 09:01:30.620 W/libbinder.IPCThreadState(22939): Sending oneway calls to frozen process.
05-07 09:01:31.000 W/skia    (  529): AGTM parsing failed flags.readFromStream(s) at 159
05-07 09:01:33.623 W/libbinder.IPCThreadState(22939): Sending oneway calls to frozen process.
05-07 09:01:33.623 W/libbinder.IPCThreadState(22939): Sending oneway calls to frozen process.
05-07 09:01:33.623 W/libbinder.IPCThreadState(22939): Sending oneway calls to frozen process.
05-07 09:01:33.623 W/libbinder.IPCThreadState(22939): Sending oneway calls to frozen process.
05-07 09:01:33.625 W/libbinder.IPCThreadState(22939): Sending oneway calls to frozen process.
05-07 09:01:33.625 W/libbinder.IPCThreadState(22939): Sending oneway calls to frozen process.
05-07 09:01:36.639 W/libbinder.IPCThreadState(22939): Sending oneway calls to frozen process.
05-07 09:01:36.639 W/libbinder.IPCThreadState(22939): Sending oneway calls to frozen process.
05-07 09:01:36.640 W/libbinder.IPCThreadState(22939): Sending oneway calls to frozen process.
05-07 09:01:36.641 W/libbinder.IPCThreadState(22939): Sending oneway calls to frozen process.
05-07 09:01:36.641 W/libbinder.IPCThreadState(22939): Sending oneway calls to frozen process.
05-07 09:01:36.642 W/libbinder.IPCThreadState(22939): Sending oneway calls to frozen process.
05-07 09:01:39.648 W/libbinder.IPCThreadState(22939): Sending oneway calls to frozen process.
05-07 09:01:39.648 W/libbinder.IPCThreadState(22939): Sending oneway calls to frozen process.
05-07 09:01:39.649 W/libbinder.IPCThreadState(22939): Sending oneway calls to frozen process.
05-07 09:01:39.649 W/libbinder.IPCThreadState(22939): Sending oneway calls to frozen process.
05-07 09:01:39.649 W/libbinder.IPCThreadState(22939): Sending oneway calls to frozen process.
05-07 09:01:39.650 W/libbinder.IPCThreadState(22939): Sending oneway calls to frozen process.
05-07 09:01:54.653 W/binder:22939_19(22939): type=1400 audit(0.0:46): avc:  denied  { getopt } for  scontext=u:r:system_server:s0 tcontext=u:r:shell:s0 tclass=unix_stream_socket permissive=0
05-07 09:01:54.653 W/binder:22939_19(22939): type=1400 audit(0.0:47): avc:  denied  { getopt } for  scontext=u:r:system_server:s0 tcontext=u:r:shell:s0 tclass=unix_stream_socket permissive=0
05-07 09:01:54.653 W/binder:22939_19(22939): type=1400 audit(0.0:48): avc:  denied  { getopt } for  scontext=u:r:system_server:s0 tcontext=u:r:shell:s0 tclass=unix_stream_socket permissive=0
05-07 09:01:54.807 W/libbinder.IPCThreadState(22939): Sending oneway calls to frozen process.
05-07 09:01:54.807 W/libbinder.IPCThreadState(22939): Sending oneway calls to frozen process.
05-07 09:01:54.840 W/libbinder.IPCThreadState(22939): Sending oneway calls to frozen process.
05-07 09:01:54.849 W/libbinder.IPCThreadState(22939): Sending oneway calls to frozen process.
05-07 09:01:54.867 W/libbinder.IPCThreadState(22939): Sending oneway calls to frozen process.
05-07 09:01:54.877 W/libbinder.IPCThreadState(22939): Sending oneway calls to frozen process.
05-07 09:01:54.902 W/libbinder.IPCThreadState(22939): Sending oneway calls to frozen process.
05-07 09:01:54.909 W/libbinder.IPCThreadState(22939): Sending oneway calls to frozen process.
05-07 09:01:54.922 W/libbinder.IPCThreadState(22939): Sending oneway calls to frozen process.
05-07 09:01:54.945 W/libbinder.IPCThreadState(22939): Sending oneway calls to frozen process.
05-07 09:01:54.959 W/libbinder.IPCThreadState(22939): Sending oneway calls to frozen process.
05-07 09:01:54.964 W/libbinder.IPCThreadState(22939): Sending oneway calls to frozen process.
05-07 09:01:54.971 W/libbinder.IPCThreadState(22939): Sending oneway calls to frozen process.
05-07 09:01:54.982 W/libbinder.IPCThreadState(22939): Sending oneway calls to frozen process.
05-07 09:01:54.985 W/libbinder.IPCThreadState(22939): Sending oneway calls to frozen process.
05-07 09:01:54.991 W/libbinder.IPCThreadState(22939): Sending oneway calls to frozen process.
05-07 09:01:54.998 W/libbinder.IPCThreadState(22939): Sending oneway calls to frozen process.
05-07 09:01:55.006 W/libbinder.IPCThreadState(22939): Sending oneway calls to frozen process.
05-07 09:01:55.017 W/libbinder.IPCThreadState(22939): Sending oneway calls to frozen process.
05-07 09:01:55.027 W/libbinder.IPCThreadState(22939): Sending oneway calls to frozen process.
05-07 09:01:55.054 W/libbinder.IPCThreadState(22939): Sending oneway calls to frozen process.
05-07 09:01:55.067 W/libbinder.IPCThreadState(22939): Sending oneway calls to frozen process.
05-07 09:01:55.081 W/libbinder.IPCThreadState(22939): Sending oneway calls to frozen process.
05-07 09:01:55.089 W/libbinder.IPCThreadState(22939): Sending oneway calls to frozen process.
05-07 09:01:55.094 W/libbinder.IPCThreadState(22939): Sending oneway calls to frozen process.
05-07 09:01:55.107 W/libbinder.IPCThreadState(22939): Sending oneway calls to frozen process.
05-07 09:01:55.115 W/libbinder.IPCThreadState(22939): Sending oneway calls to frozen process.
05-07 09:01:55.118 W/libbinder.IPCThreadState(22939): Sending oneway calls to frozen process.
05-07 09:01:55.129 W/libbinder.IPCThreadState(22939): Sending oneway calls to frozen process.
05-07 09:01:55.138 W/libbinder.IPCThreadState(22939): Sending oneway calls to frozen process.
05-07 09:01:55.151 W/libbinder.IPCThreadState(22939): Sending oneway calls to frozen process.
05-07 09:01:55.162 W/libbinder.IPCThreadState(22939): Sending oneway calls to frozen process.
05-07 09:01:55.172 W/libbinder.IPCThreadState(22939): Sending oneway calls to frozen process.
05-07 09:01:55.181 W/libbinder.IPCThreadState(22939): Sending oneway calls to frozen process.
05-07 09:01:55.195 W/libbinder.IPCThreadState(22939): Sending oneway calls to frozen process.
05-07 09:01:55.207 W/libbinder.IPCThreadState(22939): Sending oneway calls to frozen process.
05-07 09:01:55.214 W/libbinder.IPCThreadState(22939): Sending oneway calls to frozen process.
05-07 09:01:55.234 W/libbinder.IPCThreadState(22939): Sending oneway calls to frozen process.
05-07 09:01:55.240 W/libbinder.IPCThreadState(22939): Sending oneway calls to frozen process.
05-07 09:01:55.254 W/libbinder.IPCThreadState(22939): Sending oneway calls to frozen process.
05-07 09:01:55.262 W/libbinder.IPCThreadState(22939): Sending oneway calls to frozen process.
05-07 09:01:55.268 W/libbinder.IPCThreadState(22939): Sending oneway calls to frozen process.
05-07 09:01:55.272 W/libbinder.IPCThreadState(22939): Sending oneway calls to frozen process.
05-07 09:01:55.279 W/libbinder.IPCThreadState(22939): Sending oneway calls to frozen process.
05-07 09:01:55.285 W/libbinder.IPCThreadState(22939): Sending oneway calls to frozen process.
05-07 09:01:55.291 W/libbinder.IPCThreadState(22939): Sending oneway calls to frozen process.
05-07 09:01:55.298 W/libbinder.IPCThreadState(22939): Sending oneway calls to frozen process.
05-07 09:01:55.302 W/libbinder.IPCThreadState(22939): Sending oneway calls to frozen process.
05-07 09:01:55.314 W/libbinder.IPCThreadState(22939): Sending oneway calls to frozen process.
05-07 09:01:55.326 W/libbinder.IPCThreadState(22939): Sending oneway calls to frozen process.
05-07 09:01:55.334 W/libbinder.IPCThreadState(22939): Sending oneway calls to frozen process.
05-07 09:01:55.344 W/libbinder.IPCThreadState(22939): Sending oneway calls to frozen process.
05-07 09:01:55.350 W/libbinder.IPCThreadState(22939): Sending oneway calls to frozen process.
05-07 09:01:55.356 W/libbinder.IPCThreadState(22939): Sending oneway calls to frozen process.
05-07 09:01:55.371 W/libbinder.IPCThreadState(22939): Sending oneway calls to frozen process.
05-07 09:01:55.382 W/libbinder.IPCThreadState(22939): Sending oneway calls to frozen process.
05-07 09:01:55.398 W/libbinder.IPCThreadState(22939): Sending oneway calls to frozen process.
05-07 09:01:55.409 W/libbinder.IPCThreadState(22939): Sending oneway calls to frozen process.
05-07 09:01:55.425 W/libbinder.IPCThreadState(22939): Sending oneway calls to frozen process.
05-07 09:01:55.434 W/libbinder.IPCThreadState(22939): Sending oneway calls to frozen process.
05-07 09:01:55.444 W/libbinder.IPCThreadState(22939): Sending oneway calls to frozen process.
05-07 09:01:55.453 W/libbinder.IPCThreadState(22939): Sending oneway calls to frozen process.
05-07 09:01:55.456 W/libbinder.IPCThreadState(22939): Sending oneway calls to frozen process.
05-07 09:01:55.459 W/libbinder.IPCThreadState(22939): Sending oneway calls to frozen process.
05-07 09:01:55.463 W/libbinder.IPCThreadState(22939): Sending oneway calls to frozen process.
05-07 09:01:55.469 W/libbinder.IPCThreadState(22939): Sending oneway calls to frozen process.
05-07 09:01:55.481 W/libbinder.IPCThreadState(22939): Sending oneway calls to frozen process.
05-07 09:01:55.495 W/libbinder.IPCThreadState(22939): Sending oneway calls to frozen process.
05-07 09:01:55.512 W/libbinder.IPCThreadState(22939): Sending oneway calls to frozen process.
05-07 09:01:55.520 W/libbinder.IPCThreadState(22939): Sending oneway calls to frozen process.
05-07 09:01:55.523 W/libbinder.IPCThreadState(22939): Sending oneway calls to frozen process.
05-07 09:01:55.529 W/libbinder.IPCThreadState(22939): Sending oneway calls to frozen process.
05-07 09:01:55.533 W/libbinder.IPCThreadState(22939): Sending oneway calls to frozen process.
05-07 09:01:55.529 W/binder:22939_19(22939): type=1400 audit(0.0:49): avc:  denied  { getopt } for  scontext=u:r:system_server:s0 tcontext=u:r:shell:s0 tclass=unix_stream_socket permissive=0
05-07 09:01:55.536 W/libbinder.IPCThreadState(22939): Sending oneway calls to frozen process.
05-07 09:01:55.559 E/SystemServiceRegistry(22939): No service published for: persistent_data_block
05-07 09:01:55.559 E/SystemServiceRegistry(22939): android.os.ServiceManager$ServiceNotFoundException: No service published for: persistent_data_block
05-07 09:01:55.559 E/SystemServiceRegistry(22939): 	at android.os.ServiceManager.getServiceOrThrow(ServiceManager.java:176)
05-07 09:01:55.559 E/SystemServiceRegistry(22939): 	at android.app.SystemServiceRegistry$91.createService(SystemServiceRegistry.java:1299)
05-07 09:01:55.559 E/SystemServiceRegistry(22939): 	at android.app.SystemServiceRegistry$91.createService(SystemServiceRegistry.java:1296)
05-07 09:01:55.559 E/SystemServiceRegistry(22939): 	at android.app.SystemServiceRegistry$StaticServiceFetcher.getService(SystemServiceRegistry.java:2863)
05-07 09:01:55.559 E/SystemServiceRegistry(22939): 	at android.app.SystemServiceRegistry.getSystemService(SystemServiceRegistry.java:2297)
05-07 09:01:55.559 E/SystemServiceRegistry(22939): 	at android.app.ContextImpl.getSystemService(ContextImpl.java:2450)
05-07 09:01:55.559 E/SystemServiceRegistry(22939): 	at android.content.Context.getSystemService(Context.java:4916)
05-07 09:01:55.559 E/SystemServiceRegistry(22939): 	at com.android.server.pm.PackageInstallerSession.markAsSealed(PackageInstallerSession.java:2651)
05-07 09:01:55.559 E/SystemServiceRegistry(22939): 	at com.android.server.pm.PackageInstallerSession.commit(PackageInstallerSession.java:2401)
05-07 09:01:55.559 E/SystemServiceRegistry(22939): 	at android.content.pm.PackageInstaller$Session.commit(PackageInstaller.java:2345)
05-07 09:01:55.559 E/SystemServiceRegistry(22939): 	at com.android.server.pm.PackageManagerShellCommand.doCommitSession(PackageManagerShellCommand.java:4459)
05-07 09:01:55.559 E/SystemServiceRegistry(22939): 	at com.android.server.pm.PackageManagerShellCommand.doRunInstall(PackageManagerShellCommand.java:1656)
05-07 09:01:55.559 E/SystemServiceRegistry(22939): 	at com.android.server.pm.PackageManagerShellCommand.runInstall(PackageManagerShellCommand.java:1577)
05-07 09:01:55.559 E/SystemServiceRegistry(22939): 	at com.android.server.pm.PackageManagerShellCommand.onCommand(PackageManagerShellCommand.java:249)
05-07 09:01:55.559 E/SystemServiceRegistry(22939): 	at com.android.modules.utils.BasicShellCommandHandler.exec(BasicShellCommandHandler.java:97)
05-07 09:01:55.559 E/SystemServiceRegistry(22939): 	at android.os.ShellCommand.exec(ShellCommand.java:39)
05-07 09:01:55.559 E/SystemServiceRegistry(22939): 	at com.android.server.pm.PackageManagerService$IPackageManagerImpl.onShellCommand(PackageManagerService.java:7069)
05-07 09:01:55.559 E/SystemServiceRegistry(22939): 	at android.os.Binder.shellCommand(Binder.java:1088)
05-07 09:01:55.559 E/SystemServiceRegistry(22939): 	at android.os.Binder.onTransact(Binder.java:946)
05-07 09:01:55.559 E/SystemServiceRegistry(22939): 	at android.content.pm.IPackageManager$Stub.onTransact(IPackageManager.java:4786)
05-07 09:01:55.559 E/SystemServiceRegistry(22939): 	at com.android.server.pm.PackageManagerService$IPackageManagerImpl.onTransact(PackageManagerService.java:7053)
05-07 09:01:55.559 E/SystemServiceRegistry(22939): 	at android.os.Binder.execTransactInternal(Binder.java:1369)
05-07 09:01:55.559 E/SystemServiceRegistry(22939): 	at android.os.Binder.execTransact(Binder.java:1323)
05-07 09:01:55.564 E/SystemServiceRegistry(22939): Manager wrapper not available: persistent_data_block
05-07 09:01:56.138 W/libbinder.IPCThreadState(22939): Sending oneway calls to frozen process.
05-07 09:01:56.160 W/libbinder.IPCThreadState(22939): Sending oneway calls to frozen process.
05-07 09:01:56.181 W/NativeLibraryHelper(22939): Failed to punch apk : /data/app/vmdl1009219331.tmp/base.apk at extra field
05-07 09:01:56.183 W/NativeLibraryHelper(22939): Failed to punch apk : /data/app/vmdl1009219331.tmp/base.apk at extra field
05-07 09:01:56.183 W/NativeLibraryHelper(22939): Failed to punch apk : /data/app/vmdl1009219331.tmp/base.apk at extra field
05-07 09:01:56.186 W/NativeLibraryHelper(22939): Failed to punch apk : /data/app/vmdl1009219331.tmp/base.apk at extra field
05-07 09:01:56.187 W/NativeLibraryHelper(22939): Failed to punch apk : /data/app/vmdl1009219331.tmp/base.apk at extra field
05-07 09:01:56.190 W/NativeLibraryHelper(22939): Failed to punch apk : /data/app/vmdl1009219331.tmp/base.apk at extra field
05-07 09:01:56.670 W/ActivityTaskManager(22939): Force removing ActivityRecord{245833680 u0 app.theprimeway.twa/.MainActivity t23 f}}: app died, no saved state
05-07 09:01:56.729 W/InputDispatcher(22939): channel '4be22f0 app.theprimeway.twa/app.theprimeway.twa.MainActivity' ~ Consumer closed input channel or an error occurred.  events=0x9
05-07 09:01:56.729 E/InputDispatcher(22939): channel '4be22f0 app.theprimeway.twa/app.theprimeway.twa.MainActivity' ~ Channel is unrecoverably broken and will be disposed!
05-07 09:01:56.784 W/InputChannel-JNI(27446): Channel already disposed.
05-07 09:01:56.815 W/DisconnectHandler(23243): No disconnect change found in the transition, not handling request.
05-07 09:01:56.959 W/ActivityManager(22939): Slow operation: 59ms so far, now at startProcess: done starting proc!
05-07 09:01:56.972 W/ActivityManager(22939): setHasOverlayUi called on unknown pid: 28472
05-07 09:01:56.983 W/Looper  (22939): Slow dispatch took 105ms android.ui app=system_server main=false group=TOP_APP h=com.android.server.am.ActivityManagerService$UiHandler c=null m=68
05-07 09:01:57.029 W/ActivityManager(22939): Slow operation: 108ms so far, now at startProcess: returned from zygote!
05-07 09:01:57.030 W/ActivityManager(22939): Slow operation: 108ms so far, now at startProcess: done updating battery stats
05-07 09:01:57.030 W/ActivityManager(22939): Slow operation: 109ms so far, now at startProcess: building log message
05-07 09:01:57.030 W/ActivityManager(22939): Slow operation: 109ms so far, now at startProcess: starting to update pids map
05-07 09:01:57.031 W/ActivityManager(22939): Slow operation: 110ms so far, now at startProcess: done updating pids map
05-07 09:01:57.071 W/WindowManager(22939): removeAppToken: Attempted to remove non-existing token: Token{12b42ce ActivityRecord{245833680 u0 app.theprimeway.twa/.MainActivity t23 f} isExiting}}
05-07 09:01:57.086 W/libbinder.IPCThreadState(22939): Sending oneway calls to frozen process.
05-07 09:01:57.086 W/libbinder.IPCThreadState(22939): Sending oneway calls to frozen process.
05-07 09:01:57.086 W/libbinder.IPCThreadState(22939): Sending oneway calls to frozen process.
05-07 09:01:57.086 W/libbinder.IPCThreadState(22939): Sending oneway calls to frozen process.
05-07 09:01:57.087 W/libbinder.IPCThreadState(22939): Sending oneway calls to frozen process.
05-07 09:01:57.087 W/libbinder.IPCThreadState(22939): Sending oneway calls to frozen process.
05-07 09:01:57.088 W/libbinder.IPCThreadState(22939): Sending oneway calls to frozen process.
05-07 09:01:57.092 W/libbinder.IPCThreadState(22939): Sending oneway calls to frozen process.
05-07 09:01:57.092 W/libbinder.IPCThreadState(22939): Sending oneway calls to frozen process.
05-07 09:01:57.092 W/libbinder.IPCThreadState(22939): Sending oneway calls to frozen process.
05-07 09:01:57.092 W/libbinder.IPCThreadState(22939): Sending oneway calls to frozen process.
05-07 09:01:57.093 W/libbinder.IPCThreadState(22939): Sending oneway calls to frozen process.
05-07 09:01:57.093 W/libbinder.IPCThreadState(22939): Sending oneway calls to frozen process.
05-07 09:01:57.093 W/libbinder.IPCThreadState(22939): Sending oneway calls to frozen process.
05-07 09:01:57.093 W/libbinder.IPCThreadState(22939): Sending oneway calls to frozen process.
05-07 09:01:57.093 W/libbinder.IPCThreadState(22939): Sending oneway calls to frozen process.
05-07 09:01:57.093 W/libbinder.IPCThreadState(22939): Sending oneway calls to frozen process.
05-07 09:01:57.094 W/libbinder.IPCThreadState(22939): Sending oneway calls to frozen process.
05-07 09:01:57.145 W/.adservices.api(29000): Unexpected CPU variant for x86: x86_64.
05-07 09:01:57.145 W/.adservices.api(29000): Known variants: atom, sandybridge, silvermont, goldmont, goldmont-plus, goldmont-without-sha-xsaves, tremont, kabylake, alderlake, pantherlake, default
05-07 09:01:57.223 W/skia    (  529): AGTM parsing failed flags.readFromStream(s) at 159
05-07 09:01:57.250 W/Looper  (22939): Slow dispatch took 129ms main app=system_server main=true group=FOREGROUND h=android.app.ActivityThread$H c=android.app.LoadedApk$ReceiverDispatcher$Args$$ExternalSyntheticLambda0@45cb9a m=0
05-07 09:01:57.266 E/AppOps  (22939): attributionTag VCN not declared in manifest of android
05-07 09:01:57.279 W/ActivityTaskManager(22939): setRunningRemoteTransition: no process for null
05-07 09:01:57.279 W/skia    (  529): AGTM parsing failed flags.readFromStream(s) at 159
05-07 09:01:57.300 E/SmsApplication(23382): com.google.android.apps.messaging lost android:read_cell_broadcasts:  (fixing)
05-07 09:01:57.381 W/skia    (  529): AGTM parsing failed flags.readFromStream(s) at 159
05-07 09:01:57.445 W/InputChannel-JNI(22939): Channel already disposed.
05-07 09:01:57.491 W/skia    (  529): AGTM parsing failed flags.readFromStream(s) at 159
05-07 09:01:57.491 W/skia    (  529): AGTM parsing failed flags.readFromStream(s) at 159
05-07 09:01:57.491 W/skia    (  529): AGTM parsing failed flags.readFromStream(s) at 159
05-07 09:01:57.493 W/skia    (  529): AGTM parsing failed flags.readFromStream(s) at 159
05-07 09:01:57.493 W/skia    (  529): AGTM parsing failed flags.readFromStream(s) at 159
05-07 09:01:57.494 W/skia    (  529): AGTM parsing failed flags.readFromStream(s) at 159
05-07 09:01:57.494 W/skia    (  529): AGTM parsing failed flags.readFromStream(s) at 159
05-07 09:01:57.513 W/skia    (  529): AGTM parsing failed flags.readFromStream(s) at 159
05-07 09:01:57.513 W/skia    (  529): AGTM parsing failed flags.readFromStream(s) at 159
05-07 09:01:57.513 W/skia    (  529): AGTM parsing failed flags.readFromStream(s) at 159
05-07 09:01:57.513 W/skia    (  529): AGTM parsing failed flags.readFromStream(s) at 159
05-07 09:01:57.513 W/skia    (  529): AGTM parsing failed flags.readFromStream(s) at 159
05-07 09:01:57.513 W/skia    (  529): AGTM parsing failed flags.readFromStream(s) at 159
05-07 09:01:57.514 W/skia    (  529): AGTM parsing failed flags.readFromStream(s) at 159
05-07 09:01:57.530 W/skia    (  529): AGTM parsing failed flags.readFromStream(s) at 159
05-07 09:01:57.530 W/skia    (  529): AGTM parsing failed flags.readFromStream(s) at 159
05-07 09:01:57.530 W/skia    (  529): AGTM parsing failed flags.readFromStream(s) at 159
05-07 09:01:57.530 W/skia    (  529): AGTM parsing failed flags.readFromStream(s) at 159
05-07 09:01:57.530 W/skia    (  529): AGTM parsing failed flags.readFromStream(s) at 159
05-07 09:01:57.530 W/skia    (  529): AGTM parsing failed flags.readFromStream(s) at 159
05-07 09:01:57.531 W/skia    (  529): AGTM parsing failed flags.readFromStream(s) at 159
05-07 09:01:57.540 W/skia    (  529): AGTM parsing failed flags.readFromStream(s) at 159
05-07 09:01:57.540 W/skia    (  529): AGTM parsing failed flags.readFromStream(s) at 159
05-07 09:01:57.541 W/skia    (  529): AGTM parsing failed flags.readFromStream(s) at 159
05-07 09:01:57.547 W/libbinder.IPCThreadState(22939): Sending oneway calls to frozen process.
05-07 09:01:57.547 W/libbinder.IPCThreadState(22939): Sending oneway calls to frozen process.
05-07 09:01:57.553 W/libbinder.IPCThreadState(22939): Sending oneway calls to frozen process.
05-07 09:01:57.554 W/libbinder.IPCThreadState(22939): Sending oneway calls to frozen process.
05-07 09:01:57.555 W/libbinder.IPCThreadState(22939): Sending oneway calls to frozen process.
05-07 09:01:57.555 W/libbinder.IPCThreadState(22939): Sending oneway calls to frozen process.
05-07 09:01:57.555 W/libbinder.IPCThreadState(22939): Sending oneway calls to frozen process.
05-07 09:01:57.556 W/libbinder.IPCThreadState(22939): Sending oneway calls to frozen process.
05-07 09:01:57.559 W/libbinder.IPCThreadState(22939): Sending oneway calls to frozen process.
05-07 09:01:57.559 W/libbinder.IPCThreadState(22939): Sending oneway calls to frozen process.
05-07 09:01:57.559 W/libbinder.IPCThreadState(22939): Sending oneway calls to frozen process.
05-07 09:01:57.559 W/libbinder.IPCThreadState(22939): Sending oneway calls to frozen process.
05-07 09:01:57.560 W/libbinder.IPCThreadState(22939): Sending oneway calls to frozen process.
05-07 09:01:57.560 W/libbinder.IPCThreadState(22939): Sending oneway calls to frozen process.
05-07 09:01:57.562 W/libbinder.IPCThreadState(22939): Sending oneway calls to frozen process.
05-07 09:01:57.606 W/InputConnectionWrapper(27446): InputConnectionWrapper.recordDuration():1689 IPC IC_REQUEST_CURSOR_UPDATES took 120 ms
05-07 09:01:57.608 W/ApplicationInfo(22939): Large ApplicationInfo parcel: size=17700 package=com.google.android.googlequicksearchbox sharedLibs=3 resDirs=2 overlayPaths=2
05-07 09:01:57.609 W/ParceledListSlice(22939): Element #27 is 18868 bytes.
05-07 09:01:57.609 W/ApplicationInfo(22939): Large ApplicationInfo parcel: size=17700 package=com.google.android.googlequicksearchbox sharedLibs=3 resDirs=2 overlayPaths=2
05-07 09:01:57.609 W/ParceledListSlice(22939): Element #28 is 19048 bytes.
05-07 09:01:57.609 W/ApplicationInfo(22939): Large ApplicationInfo parcel: size=17700 package=com.google.android.googlequicksearchbox sharedLibs=3 resDirs=2 overlayPaths=2
05-07 09:01:57.609 W/ParceledListSlice(22939): Element #29 is 19260 bytes.
05-07 09:01:57.609 W/ApplicationInfo(22939): Large ApplicationInfo parcel: size=17700 package=com.google.android.googlequicksearchbox sharedLibs=3 resDirs=2 overlayPaths=2
05-07 09:01:57.609 W/ParceledListSlice(22939): Element #30 is 18772 bytes.
05-07 09:01:57.615 W/skia    (  529): AGTM parsing failed flags.readFromStream(s) at 159
05-07 09:01:57.615 W/skia    (  529): AGTM parsing failed flags.readFromStream(s) at 159
05-07 09:01:57.615 W/skia    (  529): AGTM parsing failed flags.readFromStream(s) at 159
05-07 09:01:57.615 W/skia    (  529): AGTM parsing failed flags.readFromStream(s) at 159
05-07 09:01:57.615 W/skia    (  529): AGTM parsing failed flags.readFromStream(s) at 159
05-07 09:01:57.616 W/skia    (  529): AGTM parsing failed flags.readFromStream(s) at 159
05-07 09:01:57.616 W/skia    (  529): AGTM parsing failed flags.readFromStream(s) at 159
05-07 09:01:57.646 W/skia    (  529): AGTM parsing failed flags.readFromStream(s) at 159
05-07 09:01:57.646 W/skia    (  529): AGTM parsing failed flags.readFromStream(s) at 159
05-07 09:01:57.646 W/skia    (  529): AGTM parsing failed flags.readFromStream(s) at 159
05-07 09:01:57.647 W/skia    (  529): AGTM parsing failed flags.readFromStream(s) at 159
05-07 09:01:57.647 W/skia    (  529): AGTM parsing failed flags.readFromStream(s) at 159
05-07 09:01:57.647 W/skia    (  529): AGTM parsing failed flags.readFromStream(s) at 159
05-07 09:01:57.647 W/skia    (  529): AGTM parsing failed flags.readFromStream(s) at 159
05-07 09:01:57.653 W/skia    (  529): AGTM parsing failed flags.readFromStream(s) at 159
05-07 09:01:57.653 W/skia    (  529): AGTM parsing failed flags.readFromStream(s) at 159
05-07 09:01:57.653 W/skia    (  529): AGTM parsing failed flags.readFromStream(s) at 159
05-07 09:01:57.678 W/NotificationCenter(27446): NotificationCenter$NotificationQueue.notifyPendingNotificationsOnExecutor():877 Heavy notify work detected on UI thread: [nhm->kxt, nhm->kxt, nhm->ilb, nhm->pnx, nhm->kxt, nhm->kxt, nhm->nge, nhm->kxt, nhm->kxt, nhm->gqd, nhm->mgr, nhm->kxt, nhm->kxt, nhm->lak, nhm->kxt, nhm->kux, nhm->mrv, nhm->ngn, nhm->gtb, nhm->eoz, nhm->kxt, nhm->hst, nhm->kxt, nhm->kxt, nhm->kxt, nhm->oyt, nhm->kxt] takes 58ms
05-07 09:01:57.682 W/ContentProviderHelper(22939): Slow operation: 110ms so far, now at getContentProviderImpl: after updateOomAdj
05-07 09:01:57.682 W/ContentProviderHelper(22939): Slow operation: 110ms so far, now at getContentProviderImpl: done!
05-07 09:01:57.696 W/skia    (  529): AGTM parsing failed flags.readFromStream(s) at 159
05-07 09:01:57.696 W/skia    (  529): AGTM parsing failed flags.readFromStream(s) at 159
05-07 09:01:57.697 W/skia    (  529): AGTM parsing failed flags.readFromStream(s) at 159
05-07 09:01:57.697 W/skia    (  529): AGTM parsing failed flags.readFromStream(s) at 159
05-07 09:01:57.697 W/skia    (  529): AGTM parsing failed flags.readFromStream(s) at 159
05-07 09:01:57.697 W/skia    (  529): AGTM parsing failed flags.readFromStream(s) at 159
05-07 09:01:57.697 W/skia    (  529): AGTM parsing failed flags.readFromStream(s) at 159
05-07 09:01:57.713 W/skia    (  529): AGTM parsing failed flags.readFromStream(s) at 159
05-07 09:01:57.713 W/skia    (  529): AGTM parsing failed flags.readFromStream(s) at 159
05-07 09:01:57.713 W/skia    (  529): AGTM parsing failed flags.readFromStream(s) at 159
05-07 09:01:57.714 W/skia    (  529): AGTM parsing failed flags.readFromStream(s) at 159
05-07 09:01:57.714 W/skia    (  529): AGTM parsing failed flags.readFromStream(s) at 159
05-07 09:01:57.714 W/skia    (  529): AGTM parsing failed flags.readFromStream(s) at 159
05-07 09:01:57.714 W/skia    (  529): AGTM parsing failed flags.readFromStream(s) at 159
05-07 09:01:57.736 W/Looper  (22939): Slow dispatch took 477ms main app=system_server main=true group=FOREGROUND h=android.app.ActivityThread$H c=android.app.LoadedApk$ReceiverDispatcher$Args$$ExternalSyntheticLambda0@e8159ac m=0
05-07 09:01:57.741 W/Looper  (22939): Slow delivery took 619ms main app=system_server main=true group=FOREGROUND h=android.app.ActivityThread$H c=android.app.LoadedApk$ReceiverDispatcher$Args$$ExternalSyntheticLambda0@d6dc675 m=0
05-07 09:01:57.746 W/skia    (  529): AGTM parsing failed flags.readFromStream(s) at 159
05-07 09:01:57.746 W/skia    (  529): AGTM parsing failed flags.readFromStream(s) at 159
05-07 09:01:57.746 W/skia    (  529): AGTM parsing failed flags.readFromStream(s) at 159
05-07 09:01:57.746 W/skia    (  529): AGTM parsing failed flags.readFromStream(s) at 159
05-07 09:01:57.746 W/skia    (  529): AGTM parsing failed flags.readFromStream(s) at 159
05-07 09:01:57.746 W/skia    (  529): AGTM parsing failed flags.readFromStream(s) at 159
05-07 09:01:57.747 W/skia    (  529): AGTM parsing failed flags.readFromStream(s) at 159
05-07 09:01:57.754 W/skia    (  529): AGTM parsing failed flags.readFromStream(s) at 159
05-07 09:01:57.755 W/skia    (  529): AGTM parsing failed flags.readFromStream(s) at 159
05-07 09:01:57.762 W/skia    (  529): AGTM parsing failed flags.readFromStream(s) at 159
05-07 09:01:57.762 W/skia    (  529): AGTM parsing failed flags.readFromStream(s) at 159
05-07 09:01:57.763 W/skia    (  529): AGTM parsing failed flags.readFromStream(s) at 159
05-07 09:01:57.763 W/skia    (  529): AGTM parsing failed flags.readFromStream(s) at 159
05-07 09:01:57.763 W/skia    (  529): AGTM parsing failed flags.readFromStream(s) at 159
05-07 09:01:57.763 W/skia    (  529): AGTM parsing failed flags.readFromStream(s) at 159
05-07 09:01:57.764 W/skia    (  529): AGTM parsing failed flags.readFromStream(s) at 159
05-07 09:01:57.794 W/libbinder.IPCThreadState(22939): Sending oneway calls to frozen process.
05-07 09:01:57.795 W/libbinder.IPCThreadState(22939): Sending oneway calls to frozen process.
05-07 09:01:57.798 W/libbinder.IPCThreadState(22939): Sending oneway calls to frozen process.
05-07 09:01:57.804 W/libbinder.IPCThreadState(22939): Sending oneway calls to frozen process.
05-07 09:01:57.805 W/libbinder.IPCThreadState(22939): Sending oneway calls to frozen process.
05-07 09:01:57.805 W/libbinder.IPCThreadState(22939): Sending oneway calls to frozen process.
05-07 09:01:57.809 W/libbinder.IPCThreadState(22939): Sending oneway calls to frozen process.
05-07 09:01:57.823 W/libbinder.IPCThreadState(22939): Sending oneway calls to frozen process.
05-07 09:01:57.824 W/libbinder.IPCThreadState(22939): Sending oneway calls to frozen process.
05-07 09:01:57.828 W/libbinder.IPCThreadState(22939): Sending oneway calls to frozen process.
05-07 09:01:57.829 W/libbinder.IPCThreadState(22939): Sending oneway calls to frozen process.
05-07 09:01:57.830 W/libbinder.IPCThreadState(22939): Sending oneway calls to frozen process.
05-07 09:01:57.830 W/libbinder.IPCThreadState(22939): Sending oneway calls to frozen process.
05-07 09:01:57.830 W/libbinder.IPCThreadState(22939): Sending oneway calls to frozen process.
05-07 09:01:57.854 W/skia    (  529): AGTM parsing failed flags.readFromStream(s) at 159
05-07 09:01:57.854 W/skia    (  529): AGTM parsing failed flags.readFromStream(s) at 159
05-07 09:01:57.860 W/ApplicationInfo(26209): Large ApplicationInfo parcel: size=17700 package=com.google.android.googlequicksearchbox sharedLibs=3 resDirs=2 overlayPaths=2
05-07 09:01:57.865 W/ApplicationInfo(26209): Large ApplicationInfo parcel: size=17700 package=com.google.android.googlequicksearchbox sharedLibs=3 resDirs=2 overlayPaths=2
05-07 09:01:57.872 W/NotificationCenter(27446): NotificationCenter$NotificationQueue.notifyPendingNotificationsOnExecutor():877 Heavy notify work detected on UI thread: [nhm->kxt, nhm->kxt, nhm->ilb, nhm->pnx, nhm->kxt, nhm->kxt, nhm->nge, nhm->kxt, nhm->kxt, nhm->gqd, nhm->mgr, nhm->kxt, nhm->kxt, nhm->lak, nhm->kxt, nhm->kux, nhm->mrv, nhm->ngn, nhm->gtb, nhm->eoz, nhm->kxt, nhm->hst, nhm->kxt, nhm->kxt, nhm->kxt, nhm->oyt, nhm->kxt] takes 55ms
05-07 09:01:57.878 W/ApplicationInfo(26209): Large ApplicationInfo parcel: size=17700 package=com.google.android.googlequicksearchbox sharedLibs=3 resDirs=2 overlayPaths=2
05-07 09:01:57.885 W/ApplicationInfo(26209): Large ApplicationInfo parcel: size=17700 package=com.google.android.googlequicksearchbox sharedLibs=3 resDirs=2 overlayPaths=2
05-07 09:01:57.890 W/PackageConfigPersister(22939): App-specific configuration not found for packageName: com.google.android.apps.nexuslauncher and userId: 0
05-07 09:01:57.903 W/ActivityManager(22939): Slow operation: 183ms so far, now at startProcess: returned from zygote!
05-07 09:01:57.936 W/ndroid.keychain(29027): Unexpected CPU variant for x86: x86_64.
05-07 09:01:57.936 W/ndroid.keychain(29027): Known variants: atom, sandybridge, silvermont, goldmont, goldmont-plus, goldmont-without-sha-xsaves, tremont, kabylake, alderlake, pantherlake, default
05-07 09:01:57.939 W/ActivityManager(22939): Slow operation: 219ms so far, now at startProcess: done updating battery stats
05-07 09:01:57.939 W/ActivityManager(22939): Slow operation: 219ms so far, now at startProcess: building log message
05-07 09:01:57.939 W/ActivityManager(22939): Slow operation: 219ms so far, now at startProcess: starting to update pids map
05-07 09:01:57.939 W/ActivityManager(22939): Slow operation: 219ms so far, now at startProcess: done updating pids map
05-07 09:01:57.957 W/skia    (  529): AGTM parsing failed flags.readFromStream(s) at 159
05-07 09:01:57.957 W/skia    (  529): AGTM parsing failed flags.readFromStream(s) at 159
05-07 09:01:57.976 W/MediaProvider(24921): WorkProfileOwnerApps cache is empty
05-07 09:01:58.073 W/skia    (  529): AGTM parsing failed flags.readFromStream(s) at 159
05-07 09:01:58.073 W/skia    (  529): AGTM parsing failed flags.readFromStream(s) at 159
05-07 09:01:58.119 W/ProcessStats(22939): Tracking association SourceState{6edf809 com.android.vending/10153 Receivr #2517} whose proc state 10 is better than process ProcessState{c65fcf2 com.android.vending:background/10153 pkg=com.android.vending} proc state 14 (0 skipped)
05-07 09:01:58.132 E/jtbr    (26494): *~*~*~ Previous channel {0} was garbage collected without being shut down! ~*~*~*
05-07 09:01:58.132 E/jtbr    (26494):     Make sure to call shutdown()/shutdownNow()
05-07 09:01:58.132 E/jtbr    (26494): java.lang.RuntimeException: ManagedChannel allocation site
05-07 09:01:58.132 E/jtbr    (26494): 	at jtbq.<init>(:com.google.android.gms@261631038@26.16.31 (260800-900800821):21)
05-07 09:01:58.132 E/jtbr    (26494): 	at jtbr.<init>(:com.google.android.gms@261631038@26.16.31 (260800-900800821):10)
05-07 09:01:58.132 E/jtbr    (26494): 	at jtbp.a(:com.google.android.gms@261631038@26.16.31 (260800-900800821):300)
05-07 09:01:58.132 E/jtbr    (26494): 	at jsjh.a(:com.google.android.gms@261631038@26.16.31 (260800-900800821):5)
05-07 09:01:58.132 E/jtbr    (26494): 	at bjqm.a(:com.google.android.gms@261631038@26.16.31 (260800-900800821):85)
05-07 09:01:58.132 E/jtbr    (26494): 	at bjqd.t(:com.google.android.gms@261631038@26.16.31 (260800-900800821):107)
05-07 09:01:58.132 E/jtbr    (26494): 	at bjqd.G(:com.google.android.gms@261631038@26.16.31 (260800-900800821):5)
05-07 09:01:58.132 E/jtbr    (26494): 	at flnu.a(:com.google.android.gms@261631038@26.16.31 (260800-900800821):45)
05-07 09:01:58.132 E/jtbr    (26494): 	at flmz.c(:com.google.android.gms@261631038@26.16.31 (260800-900800821):20)
05-07 09:01:58.132 E/jtbr    (26494): 	at flmz.a(:com.google.android.gms@261631038@26.16.31 (260800-900800821):3)
05-07 09:01:58.132 E/jtbr    (26494): 	at bcsl.run(:com.google.android.gms@261631038@26.16.31 (260800-900800821):5)
05-07 09:01:58.132 E/jtbr    (26494): 	at bjwq.c(:com.google.android.gms@261631038@26.16.31 (260800-900800821):50)
05-07 09:01:58.132 E/jtbr    (26494): 	at bjwq.run(:com.google.android.gms@261631038@26.16.31 (260800-900800821):66)
05-07 09:01:58.132 E/jtbr    (26494): 	at java.util.concurrent.ThreadPoolExecutor.runWorker(ThreadPoolExecutor.java:1100)
05-07 09:01:58.132 E/jtbr    (26494): 	at java.util.concurrent.ThreadPoolExecutor$Worker.run(ThreadPoolExecutor.java:624)
05-07 09:01:58.132 E/jtbr    (26494): 	at bkch.run(:com.google.android.gms@261631038@26.16.31 (260800-900800821):8)
05-07 09:01:58.132 E/jtbr    (26494): 	at java.lang.Thread.run(Thread.java:1572)
05-07 09:01:58.148 E/SmsApplication(23382): com.google.android.apps.messaging lost android:read_cell_broadcasts:  (fixing)
05-07 09:01:58.179 W/skia    (  529): AGTM parsing failed flags.readFromStream(s) at 159
05-07 09:01:58.180 W/skia    (  529): AGTM parsing failed flags.readFromStream(s) at 159
05-07 09:01:58.192 W/Looper  (22939): Slow dispatch took 267ms main app=system_server main=true group=FOREGROUND h=android.app.ActivityThread$H c=android.app.LoadedApk$ReceiverDispatcher$Args$$ExternalSyntheticLambda0@bd0223c m=0
05-07 09:01:58.238 E/AppOps  (22939): attributionTag VCN not declared in manifest of android
05-07 09:01:58.265 W/Conscrypt(26494): Could not set socket write timeout: java.net.SocketException: Socket closed
05-07 09:01:58.275 W/Conscrypt(26494): 	at com.google.android.gms.org.conscrypt.Platform.setSocketWriteTimeout(:com.google.android.gms@261631038@26.16.31 (260800-900800821):204)
05-07 09:01:58.275 W/Conscrypt(26494): 	at com.google.android.gms.org.conscrypt.ConscryptFileDescriptorSocket.setSoWriteTimeout(:com.google.android.gms@261631038@26.16.31 (260800-900800821):4)
05-07 09:01:58.289 W/skia    (  529): AGTM parsing failed flags.readFromStream(s) at 159
05-07 09:01:58.290 W/skia    (  529): AGTM parsing failed flags.readFromStream(s) at 159
05-07 09:01:58.354 W/libbinder.Binder(22939): Binder transaction to android.content.pm.IPackageManager, function: UNKNOWN_FUNCTION_NAME, code: 1598246212, took 3677ms. Data bytes: 240 Reply bytes: 4 Flags: 16
05-07 09:01:58.365 W/ActivityManager(22939): Slow operation: 59ms so far, now at attachApplicationLocked: after updateLruProcessLocked
05-07 09:01:58.353 W/binder:22939_19(22939): type=1400 audit(0.0:50): avc:  denied  { getopt } for  scontext=u:r:system_server:s0 tcontext=u:r:shell:s0 tclass=unix_stream_socket permissive=0
05-07 09:01:58.353 W/binder:22939_19(22939): type=1400 audit(0.0:51): avc:  denied  { getopt } for  scontext=u:r:system_server:s0 tcontext=u:r:shell:s0 tclass=unix_stream_socket permissive=0
05-07 09:01:58.374 E/AtomicFile(22939): Failed to rename /data/system/install_sessions.xml.new to /data/system/install_sessions.xml
05-07 09:01:58.389 W/ActivityManager(22939): Slow operation: 84ms so far, now at attachApplicationLocked: after updateOomAdjLocked
05-07 09:01:58.353 W/binder:22939_19(22939): type=1400 audit(0.0:52): avc:  denied  { getopt } for  scontext=u:r:system_server:s0 tcontext=u:r:shell:s0 tclass=unix_stream_socket permissive=0
05-07 09:01:58.393 W/skia    (  529): AGTM parsing failed flags.readFromStream(s) at 159
05-07 09:01:58.393 W/skia    (  529): AGTM parsing failed flags.readFromStream(s) at 159
05-07 09:01:58.477 W/ApplicationInfo(22939): Large ApplicationInfo parcel: size=17700 package=com.google.android.googlequicksearchbox sharedLibs=3 resDirs=2 overlayPaths=2
05-07 09:01:58.478 W/s.nexuslauncher(26209): Suspending all threads took: 34.757ms
05-07 09:01:58.491 W/skia    (  529): AGTM parsing failed flags.readFromStream(s) at 159
05-07 09:01:58.492 W/skia    (  529): AGTM parsing failed flags.readFromStream(s) at 159
05-07 09:01:58.549 W/ApplicationInfo(22939): Large ApplicationInfo parcel: size=17700 package=com.google.android.googlequicksearchbox sharedLibs=3 resDirs=2 overlayPaths=2
05-07 09:01:58.562 W/ActivityManager(22939): Slow operation: 147ms so far, now at startProcess: done creating new process record
05-07 09:01:58.562 W/ActivityManager(22939): Slow operation: 147ms so far, now at startProcess: stepping in to startProcess
05-07 09:01:58.575 E/libbinder.IPCThreadState(22939): Binder transaction failure. id: 881974, cmd: BR_DEAD_REPLY (29189), error: -22 (Invalid argument)
05-07 09:01:58.575 W/ActivityManager(22939): pid 22939 system sent binder code 7 with flags 1 and got error -32
05-07 09:01:58.589 W/WindowManager(22939): Exception thrown during dispatchAppVisibility Window{4be22f0 u0 app.theprimeway.twa/app.theprimeway.twa.MainActivity EXITING}
05-07 09:01:58.589 W/WindowManager(22939): android.os.DeadObjectException
05-07 09:01:58.589 W/WindowManager(22939): 	at android.os.BinderProxy.transactNative(Native Method)
05-07 09:01:58.589 W/WindowManager(22939): 	at android.os.BinderProxy.transact(BinderProxy.java:626)
05-07 09:01:58.589 W/WindowManager(22939): 	at android.view.IWindow$Stub$Proxy.dispatchAppVisibility(IWindow.java:602)
05-07 09:01:58.589 W/WindowManager(22939): 	at com.android.server.wm.WindowState.sendAppVisibilityToClients(WindowState.java:3388)
05-07 09:01:58.589 W/WindowManager(22939): 	at com.android.server.wm.WindowContainer.sendAppVisibilityToClients(WindowContainer.java:1245)
05-07 09:01:58.589 W/WindowManager(22939): 	at com.android.server.wm.WindowToken.setClientVisible(WindowToken.java:392)
05-07 09:01:58.589 W/WindowManager(22939): 	at com.android.server.wm.ActivityRecord.commitVisibility(ActivityRecord.java:5654)
05-07 09:01:58.589 W/WindowManager(22939): 	at com.android.server.wm.Transition.finishTransition(Transition.java:1629)
05-07 09:01:58.589 W/WindowManager(22939): 	at com.android.server.wm.TransitionController.finishTransition(TransitionController.java:1220)
05-07 09:01:58.589 W/WindowManager(22939): 	at com.android.server.wm.WindowOrganizerController.finishTransition(WindowOrganizerController.java:533)
05-07 09:01:58.589 W/WindowManager(22939): 	at android.window.IWindowOrganizerController$Stub.onTransact(IWindowOrganizerController.java:265)
05-07 09:01:58.589 W/WindowManager(22939): 	at com.android.server.wm.WindowOrganizerController.onTransact(WindowOrganizerController.java:239)
05-07 09:01:58.589 W/WindowManager(22939): 	at android.os.Binder.execTransactInternal(Binder.java:1364)
05-07 09:01:58.589 W/WindowManager(22939): 	at android.os.Binder.execTransact(Binder.java:1323)
05-07 09:01:58.589 W/Process (22939): Unable to open /proc/28472/status
05-07 09:01:58.592 W/skia    (  529): AGTM parsing failed flags.readFromStream(s) at 159
05-07 09:01:58.592 W/skia    (  529): AGTM parsing failed flags.readFromStream(s) at 159
05-07 09:01:58.609 W/ActivityManager(22939): Slow operation: 193ms so far, now at startProcess: done starting proc!
05-07 09:01:58.613 W/PackageConfigPersister(22939): App-specific configuration not found for packageName: app.theprimeway.twa and userId: 0
05-07 09:01:58.645 E/BpTransactionCompletedListener(  529): Failed to transact (-32)
05-07 09:01:58.654 W/System  (26209): A resource failed to call release. 
05-07 09:01:58.655 W/System  (26209): A resource failed to call release. 
05-07 09:01:58.655 W/System  (26209): A resource failed to call release. 
05-07 09:01:58.664 W/Looper  (22939): Slow dispatch took 365ms main app=system_server main=true group=FOREGROUND h=android.app.ActivityThread$H c=android.app.LoadedApk$ReceiverDispatcher$Args$$ExternalSyntheticLambda0@b199d2e m=0
05-07 09:01:58.677 W/Looper  (22939): Slow dispatch took 146ms android.fg app=system_server main=false group=FOREGROUND h=android.os.Handler c=com.android.internal.content.PackageMonitor$$ExternalSyntheticLambda0@e0c2406 m=0
05-07 09:01:58.706 W/skia    (  529): AGTM parsing failed flags.readFromStream(s) at 159
05-07 09:01:58.706 W/skia    (  529): AGTM parsing failed flags.readFromStream(s) at 159
05-07 09:01:58.748 E/SmsApplication(23382): com.google.android.apps.messaging lost android:read_cell_broadcasts:  (fixing)
05-07 09:01:58.757 W/ActivityManager(22939): Slow operation: 195ms so far, now at startProcess: returned from zygote!
05-07 09:01:58.806 W/skia    (  529): AGTM parsing failed flags.readFromStream(s) at 159
05-07 09:01:58.806 W/skia    (  529): AGTM parsing failed flags.readFromStream(s) at 159
05-07 09:01:58.852 W/ImageReader_JNI(22939): Unable to acquire a buffer item, very likely client tried to acquire more than maxImages buffers
05-07 09:01:58.890 W/theprimeway.twa(29055): Unexpected CPU variant for x86: x86_64.
05-07 09:01:58.890 W/theprimeway.twa(29055): Known variants: atom, sandybridge, silvermont, goldmont, goldmont-plus, goldmont-without-sha-xsaves, tremont, kabylake, alderlake, pantherlake, default
05-07 09:01:58.898 W/ActivityManager(22939): Slow operation: 336ms so far, now at startProcess: done updating battery stats
05-07 09:01:58.898 W/ActivityManager(22939): Slow operation: 336ms so far, now at startProcess: building log message
05-07 09:01:58.899 W/ActivityManager(22939): Slow operation: 336ms so far, now at startProcess: starting to update pids map
05-07 09:01:58.900 W/ActivityManager(22939): Slow operation: 338ms so far, now at startProcess: done updating pids map
05-07 09:01:58.908 W/skia    (  529): AGTM parsing failed flags.readFromStream(s) at 159
05-07 09:01:58.908 W/skia    (  529): AGTM parsing failed flags.readFromStream(s) at 159
05-07 09:01:58.941 W/Conscrypt(26494): Could not set socket write timeout: java.net.SocketException: Socket closed
05-07 09:01:58.942 W/Conscrypt(26494): 	at com.google.android.gms.org.conscrypt.Platform.setSocketWriteTimeout(:com.google.android.gms@261631038@26.16.31 (260800-900800821):204)
05-07 09:01:58.942 W/Conscrypt(26494): 	at com.google.android.gms.org.conscrypt.ConscryptFileDescriptorSocket.setSoWriteTimeout(:com.google.android.gms@261631038@26.16.31 (260800-900800821):4)
05-07 09:01:58.957 W/Looper  (22939): Slow dispatch took 201ms android.perm app=system_server main=false group=FOREGROUND h=android.os.Handler c=com.android.internal.infra.ServiceConnector$Impl$$ExternalSyntheticLambda2@307259f m=0
05-07 09:01:58.997 W/ActivityManager(22939): Slow operation: 77ms so far, now at finishAttachApplicationInner: after mServices.attachApplicationLocked
05-07 09:01:58.998 W/ActivityManager(22939): Slow operation: 78ms so far, now at finishAttachApplicationInner: after dispatching broadcasts
05-07 09:01:59.073 W/system_server(22939): Suspending all threads took: 27.960ms
05-07 09:01:59.189 W/.gms.persistent(26411): Suspending all threads took: 26.391ms
05-07 09:01:59.210 W/Looper  (22939): Slow dispatch took 355ms main app=system_server main=true group=FOREGROUND h=android.app.ActivityThread$H c=android.app.LoadedApk$ReceiverDispatcher$Args$$ExternalSyntheticLambda0@304f49b m=0
05-07 09:01:59.223 W/SignedPackage(22939): Package doesn't have required signing certificate: com.google.android.retaildemo
05-07 09:01:59.318 E/RoleControllerServiceImpl(22939): Default/fallback role holder package doesn't qualify for the role, package: com.google.android.gms.supervision, role: android.app.role.SYSTEM_SUPERVISION, user: 0
05-07 09:01:59.322 W/Looper  (22939): Slow dispatch took 111ms main app=system_server main=true group=FOREGROUND h=android.app.ActivityThread$H c=android.app.LoadedApk$ReceiverDispatcher$Args$$ExternalSyntheticLambda0@4b43f77 m=0
05-07 09:01:59.334 W/ActivityTaskManager(22939): callingPackage for (uid=2000, pid=29087) has no WPC
05-07 09:01:59.348 W/AlarmManager(22939): Package app.theprimeway.twa, uid 10228 lost permission to set exact alarms!
05-07 09:01:59.355 W/SignedPackage(22939): Package doesn't have required signing certificate: com.google.android.apps.work.clouddpc
05-07 09:01:59.356 W/Looper  (22939): Drained
05-07 09:01:59.386 W/skia    (  529): AGTM parsing failed flags.readFromStream(s) at 159
05-07 09:01:59.386 W/skia    (  529): AGTM parsing failed flags.readFromStream(s) at 159
05-07 09:01:59.431 W/ShellDesktopMode(23243): DesktopRepository(0): No display id found for task: taskId=23
05-07 09:01:59.436 W/VvmPkgInstalledRcvr(23382): carrierVvmPkgAdded: carrier vvm packages doesn't contain app.theprimeway.twa
05-07 09:01:59.456 W/SplitSelectStateCtor(26209): Missing session instanceIds
05-07 09:01:59.456 W/DisconnectHandler(23243): No disconnect change found in the transition, not handling request.
05-07 09:01:59.521 W/InputChannel-JNI(22939): Channel already disposed.
05-07 09:01:59.596 E/ConsumerBase(22939): [ImageReader-864x1939f1m1-22939-0] abandonLocked: ConsumerBase is abandoned!
05-07 09:01:59.618 E/RoleControllerServiceImpl(22939): Default/fallback role holder package doesn't qualify for the role, package: com.google.android.gms, role: android.app.role.SYSTEM_DEPENDENCY_INSTALLER, user: 0
05-07 09:01:59.695 W/System  (22939): A resource failed to call close. 
05-07 09:01:59.696 W/System  (22939): A resource failed to call close. 
05-07 09:01:59.705 W/PlayCommon(27698): [84] No account for auth token provided
05-07 09:01:59.824 E/RoleControllerServiceImpl(22939): Default/fallback role holder package doesn't qualify for the role, package: com.google.android.gms, role: android.app.role.WALLET, user: 0
05-07 09:01:59.857 W/skia    (  529): AGTM parsing failed flags.readFromStream(s) at 159
05-07 09:01:59.857 W/skia    (  529): AGTM parsing failed flags.readFromStream(s) at 159
05-07 09:01:59.972 W/skia    (  529): AGTM parsing failed flags.readFromStream(s) at 159
05-07 09:01:59.973 W/skia    (  529): AGTM parsing failed flags.readFromStream(s) at 159
05-07 09:02:00.021 W/AppInstallOperation(26494): FDL Migration::InstallIntentOperation by Appinvite Module [CONTEXT service_id=77 ]
05-07 09:02:00.023 W/SQLiteLog(26494): (28) double-quoted string literal: "app.theprimeway.twa"
05-07 09:02:00.073 W/skia    (  529): AGTM parsing failed flags.readFromStream(s) at 159
05-07 09:02:00.074 W/skia    (  529): AGTM parsing failed flags.readFromStream(s) at 159
05-07 09:02:00.074 W/skia    (  529): AGTM parsing failed flags.readFromStream(s) at 159
05-07 09:02:00.109 W/ActivityManager(22939): Skipping manifest association check for null package. SourceUid: 10224, SourcePkg: null, TargetUid: 10224, TargetPkg: com.google.android.gms
05-07 09:02:00.174 W/skia    (  529): AGTM parsing failed flags.readFromStream(s) at 159
05-07 09:02:00.291 W/skia    (  529): AGTM parsing failed flags.readFromStream(s) at 159
05-07 09:02:00.390 W/skia    (  529): AGTM parsing failed flags.readFromStream(s) at 159
05-07 09:02:00.439 W/PlayCommon(27541): [78] No account for auth token provided
05-07 09:02:00.513 W/ActivityManager(22939): Skipping manifest association check for null package. SourceUid: 10224, SourcePkg: null, TargetUid: 10224, TargetPkg: com.google.android.gms
05-07 09:02:00.724 W/ActivityManager(22939): Skipping manifest association check for null package. SourceUid: 10224, SourcePkg: null, TargetUid: 10224, TargetPkg: com.google.android.gms
05-07 09:02:00.798 W/SignedPackage(22939): Cannot get ApplicationInfo for package: com.google.android.devicelockcontroller
05-07 09:02:00.901 W/MagnificationConnectionManager(22939): requestConnection duplicated request: connect=false, mConnectionState=DISCONNECTED
05-07 09:02:00.910 W/MagnificationConnectionManager(22939): requestConnection duplicated request: connect=false, mConnectionState=DISCONNECTED
05-07 09:02:00.920 W/libbinder.IPCThreadState(22939): Sending oneway calls to frozen process.
05-07 09:02:00.921 W/libbinder.IPCThreadState(22939): Sending oneway calls to frozen process.
05-07 09:02:00.921 W/MagnificationConnectionManager(22939): requestConnection duplicated request: connect=false, mConnectionState=DISCONNECTED
05-07 09:02:00.931 W/libbinder.IPCThreadState(22939): Sending oneway calls to frozen process.
05-07 09:02:00.931 W/libbinder.IPCThreadState(22939): Sending oneway calls to frozen process.
05-07 09:02:00.953 W/MagnificationConnectionManager(22939): requestConnection duplicated request: connect=false, mConnectionState=DISCONNECTED
05-07 09:02:00.954 W/libbinder.IPCThreadState(22939): Sending oneway calls to frozen process.
05-07 09:02:00.955 W/libbinder.IPCThreadState(22939): Sending oneway calls to frozen process.
05-07 09:02:00.959 W/libbinder.IPCThreadState(22939): Sending oneway calls to frozen process.
05-07 09:02:00.959 W/libbinder.IPCThreadState(22939): Sending oneway calls to frozen process.
05-07 09:02:01.085 W/skia    (  529): AGTM parsing failed flags.readFromStream(s) at 159
05-07 09:02:01.419 W/libc    (26209): Access denied finding property "vendor.mesa.virtgpu.kumquat"
05-07 09:02:01.421 W/FirebaseApp(29055): Default FirebaseApp failed to initialize because no default options were found. This usually means that com.google.gms:google-services was not applied to your gradle project.
05-07 09:02:01.432 W/HWUI    (26209): Failed to choose config with EGL_SWAP_BEHAVIOR_PRESERVED, retrying without...
05-07 09:02:01.433 W/HWUI    (26209): Failed to initialize 101010-2 format, error = EGL_SUCCESS
05-07 09:02:01.540 W/ActivityManager(22939): Skipping manifest association check for null package. SourceUid: 10224, SourcePkg: null, TargetUid: 10224, TargetPkg: com.google.android.gms
05-07 09:02:01.612 W/SoLoader(29055): Initializing SoLoader: 0
05-07 09:02:01.623 W/SoLoader(29055): Recording new base apk path: /data/app/~~sVkvRJ8p5GjnNCwd-PZtYw==/app.theprimeway.twa-9TPD1JqAbA2sVRKzz8GBLg==/base.apk
05-07 09:02:01.623 W/SoLoader(29055): Previously recorded 0 base apk paths.
05-07 09:02:01.907 W/SoLoader(29055): SoLoader initialized: 8
05-07 09:02:02.371 W/libbinder.Binder(27484): Binder transaction to android.content.IContentProvider, function: UNKNOWN_FUNCTION_NAME, code: 21, took 4684ms. Data bytes: 480 Reply bytes: 432 Flags: 18
05-07 09:02:02.622 E/TaskPersister(22939): File error accessing recents directory (directory doesn't exist?).
05-07 09:02:03.111 W/libc    (29055): Access denied finding property "vendor.mesa.virtgpu.kumquat"
05-07 09:02:03.119 W/HWUI    (29055): Failed to choose config with EGL_SWAP_BEHAVIOR_PRESERVED, retrying without...
05-07 09:02:03.120 W/HWUI    (29055): Failed to initialize 101010-2 format, error = EGL_SUCCESS
05-07 09:02:04.078 W/unknown:BridgelessReact(29055): ReactHost{0}.startSurface(surfaceId = 0): Schedule
05-07 09:02:04.078 W/unknown:BridgelessReact(29055): ReactHost{0}.attachSurface(surfaceId = 0)
05-07 09:02:04.090 W/unknown:BridgelessReact(29055): ReactHost{0}.getOrCreateReactInstanceTask()
05-07 09:02:04.090 W/unknown:BridgelessReact(29055): ReactHost{0}.getOrCreateReactInstanceTask(): Start
05-07 09:02:04.095 W/unknown:BridgelessReact(29055): ReactHost{0}.getJSBundleLoader()
05-07 09:02:04.095 W/unknown:BridgelessReact(29055): ReactHost{0}.isMetroRunning()
05-07 09:02:04.118 W/WindowOnBackDispatcher(29055): OnBackInvokedCallback is not enabled for the application.
05-07 09:02:04.118 W/WindowOnBackDispatcher(29055): Set 'android:enableOnBackInvokedCallback="true"' in the application manifest.
05-07 09:02:04.129 W/unknown:BridgelessReact(29055): ReactHost{0}.onHostResume(activity)
05-07 09:02:04.129 W/unknown:ReactNative(29055): Packager connection already open, nooping.
05-07 09:02:04.169 W/HWUI    (29055): Unknown dataspace 0
05-07 09:02:04.212 W/InputChannel-JNI(22939): Channel already disposed.
05-07 09:02:04.241 W/skia    (  529): AGTM parsing failed flags.readFromStream(s) at 159
05-07 09:02:04.250 W/libc    (29055): Access denied finding property "vendor.mesa.virtgpu.kumquat"
05-07 09:02:04.351 W/skia    (  529): AGTM parsing failed flags.readFromStream(s) at 159
05-07 09:02:04.452 W/skia    (  529): AGTM parsing failed flags.readFromStream(s) at 159
05-07 09:02:05.063 W/unknown:BridgelessReact(29055): ReactHost{0}.isMetroRunning(): Async result = true
05-07 09:02:05.065 W/unknown:BridgelessReact(29055): ReactHost{0}.loadJSBundleFromMetro()
05-07 09:02:05.118 W/InputChannel-JNI(22939): Channel already disposed.
05-07 09:02:05.136 W/skia    (  529): AGTM parsing failed flags.readFromStream(s) at 159
05-07 09:02:05.242 W/skia    (  529): AGTM parsing failed flags.readFromStream(s) at 159
05-07 09:02:05.341 W/skia    (  529): AGTM parsing failed flags.readFromStream(s) at 159
05-07 09:02:05.770 W/skia    (  529): AGTM parsing failed flags.readFromStream(s) at 159
05-07 09:02:05.871 W/skia    (  529): AGTM parsing failed flags.readFromStream(s) at 159
05-07 09:02:05.975 W/skia    (  529): AGTM parsing failed flags.readFromStream(s) at 159
05-07 09:02:06.076 W/skia    (  529): AGTM parsing failed flags.readFromStream(s) at 159
05-07 09:02:06.187 W/skia    (  529): AGTM parsing failed flags.readFromStream(s) at 159
05-07 09:02:06.289 W/skia    (  529): AGTM parsing failed flags.readFromStream(s) at 159
05-07 09:02:06.392 W/skia    (  529): AGTM parsing failed flags.readFromStream(s) at 159
05-07 09:02:06.506 W/skia    (  529): AGTM parsing failed flags.readFromStream(s) at 159
05-07 09:02:06.608 W/skia    (  529): AGTM parsing failed flags.readFromStream(s) at 159
05-07 09:02:07.263 W/ActivityTaskManager(22939): Activity transferring splash screen timeout for ActivityRecord{4366868 u0 app.theprimeway.twa/.MainActivity t24} state 2
05-07 09:02:07.299 W/skia    (  529): AGTM parsing failed flags.readFromStream(s) at 159
05-07 09:02:07.401 W/skia    (  529): AGTM parsing failed flags.readFromStream(s) at 159
05-07 09:02:07.506 W/skia    (  529): AGTM parsing failed flags.readFromStream(s) at 159
05-07 09:02:07.607 W/skia    (  529): AGTM parsing failed flags.readFromStream(s) at 159
05-07 09:02:07.929 W/System  (23243): A resource failed to call release. 
05-07 09:02:07.929 W/System  (23243): A resource failed to call release. 
05-07 09:02:09.435 W/ActivityTaskManager(22939): Launch timeout has expired, giving up wake lock!
05-07 09:02:09.573 W/System  (26209): A resource failed to call release. 
05-07 09:02:09.573 W/System  (26209): A resource failed to call release. 
05-07 09:02:09.573 W/System  (26209): A resource failed to call release. 
05-07 09:02:11.137 E/Nl80211Native(22939): getChannelsMhzForBand: Wiphy index not recorded for band 8
05-07 09:02:11.137 E/Nl80211Native(22939): getChannelsMhzForBand: Wiphy index not recorded for band 16
05-07 09:02:11.200 W/Nl80211Utils(22939): Malformed NEW_INTERFACE response: missing attributes
05-07 09:02:16.854 W/unknown:BridgelessReact(29055): ReactHost{0}.loadJSBundleFromMetro(): Creating BundleLoader
05-07 09:02:16.856 W/unknown:BridgelessReact(29055): ReactHost{0}.getOrCreateReactInstanceTask(): Creating BridgelessReactContext
05-07 09:02:16.863 W/unknown:BridgelessReact(29055): ReactHost{0}.getOrCreateReactInstanceTask(): Creating ReactInstance
05-07 09:02:17.416 I/ExpoModulesCore(29055): ✅ AppContext was initialized
05-07 09:02:17.542 W/unknown:BridgelessReact(29055): ReactHost{0}.getOrCreateReactInstanceTask(): Loading JS Bundle
05-07 09:02:17.542 W/unknown:BridgelessReact(29055): ReactHost{0}.getOrCreateReactInstanceTask(): DevSupportManager.onNewReactContextCreated()
05-07 09:02:17.556 W/unknown:BridgelessReact(29055): ReactHost{0}.startSurface(surfaceId = 0): Execute
05-07 09:02:17.562 W/unknown:ReactNative(29055): Packager connection already open, nooping.
05-07 09:02:17.562 W/unknown:BridgelessReact(29055): ReactHost{0}.ReactContext.onHostResume()
05-07 09:02:17.583 W/unknown:BridgelessReact(29055): ReactHost{0}.getOrCreateReactInstanceTask(): Executing ReactInstanceEventListeners
05-07 09:02:18.306 W/ResourcesManager(29055): Found a null ResourcesImpl, skipped.
05-07 09:02:18.306 W/ResourcesManager(29055): Found a null ResourcesImpl, skipped.
05-07 09:02:18.306 W/ResourcesManager(29055): Found a null ResourcesImpl, skipped.
05-07 09:02:18.666 W/unknown:ViewManagerPropertyUpdater(29055): Could not find generated setter for class com.th3rdwave.safeareacontext.SafeAreaProviderManager
05-07 09:02:18.672 W/unknown:ViewManagerPropertyUpdater(29055): Could not find generated setter for class com.facebook.react.uimanager.LayoutShadowNode
05-07 09:02:18.674 W/unknown:ViewManagerPropertyUpdater(29055): Could not find generated setter for class com.swmansion.rnscreens.SearchBarManager
05-07 09:02:18.675 W/unknown:ViewManagerPropertyUpdater(29055): Could not find generated setter for class com.swmansion.rnscreens.ScreenFooterManager
05-07 09:02:18.679 W/unknown:ViewManagerPropertyUpdater(29055): Could not find generated setter for class com.swmansion.rnscreens.gamma.tabs.TabScreenViewManager
05-07 09:02:18.683 W/unknown:ViewManagerPropertyUpdater(29055): Could not find generated setter for class expo.modules.kotlin.views.GroupViewManagerWrapper
05-07 09:02:18.685 W/unknown:ViewManagerPropertyUpdater(29055): Could not find generated setter for class com.swmansion.rnscreens.ScreenContainerViewManager
05-07 09:02:18.687 W/unknown:ViewManagerPropertyUpdater(29055): Could not find generated setter for class com.swmansion.rnscreens.gamma.tabs.TabsHostViewManager
05-07 09:02:18.688 W/unknown:ViewManagerPropertyUpdater(29055): Could not find generated setter for class com.swmansion.rnscreens.ModalScreenViewManager
05-07 09:02:18.690 W/unknown:ViewManagerPropertyUpdater(29055): Could not find generated setter for class com.swmansion.rnscreens.ScreenStackHeaderConfigViewManager
05-07 09:02:18.690 W/unknown:ViewManagerPropertyUpdater(29055): Could not find generated setter for class com.swmansion.rnscreens.ScreenContentWrapperManager
05-07 09:02:18.691 W/unknown:ViewManagerPropertyUpdater(29055): Could not find generated setter for class com.th3rdwave.safeareacontext.SafeAreaViewManager
05-07 09:02:18.692 W/unknown:ViewManagerPropertyUpdater(29055): Could not find generated setter for class com.th3rdwave.safeareacontext.SafeAreaViewShadowNode
05-07 09:02:18.693 W/unknown:ViewManagerPropertyUpdater(29055): Could not find generated setter for class com.swmansion.rnscreens.safearea.SafeAreaViewManager
05-07 09:02:18.693 W/unknown:ViewManagerPropertyUpdater(29055): Could not find generated setter for class com.swmansion.rnscreens.safearea.paper.SafeAreaViewShadowNode
05-07 09:02:18.694 W/unknown:ViewManagerPropertyUpdater(29055): Could not find generated setter for class com.swmansion.rnscreens.ScreenViewManager
05-07 09:02:18.695 W/unknown:ViewManagerPropertyUpdater(29055): Could not find generated setter for class expo.modules.kotlin.views.SimpleViewManagerWrapper
05-07 09:02:18.697 W/unknown:ViewManagerPropertyUpdater(29055): Could not find generated setter for class com.swmansion.rnscreens.gamma.stack.host.StackHostViewManager
05-07 09:02:18.697 W/unknown:ViewManagerPropertyUpdater(29055): Could not find generated setter for class com.reactnativegooglesignin.RNGoogleSigninButtonViewManager
05-07 09:02:18.698 W/unknown:ViewManagerPropertyUpdater(29055): Could not find generated setter for class com.swmansion.rnscreens.ScreenStackHeaderSubviewManager
05-07 09:02:18.698 W/unknown:ViewManagerPropertyUpdater(29055): Could not find generated setter for class com.swmansion.rnscreens.gamma.stack.screen.StackScreenViewManager
05-07 09:02:18.700 W/unknown:ViewManagerPropertyUpdater(29055): Could not find generated setter for class com.swmansion.rnscreens.ScreenStackViewManager
05-07 09:02:18.819 W/unknown:ViewManagerPropertyUpdater(29055): Could not find generated setter for class com.horcrux.svg.RenderableViewManager$DefsViewManager
05-07 09:02:18.821 W/unknown:ViewManagerPropertyUpdater(29055): Could not find generated setter for class com.horcrux.svg.VirtualViewManager$RenderableShadowNode
05-07 09:02:18.826 W/unknown:ViewManagerPropertyUpdater(29055): Could not find generated setter for class com.facebook.react.views.debuggingoverlay.DebuggingOverlayManager
05-07 09:02:18.831 W/unknown:ViewManagerPropertyUpdater(29055): Could not find generated setter for class com.horcrux.svg.RenderableViewManager$FeMergeManager
05-07 09:02:18.838 W/unknown:ViewManagerPropertyUpdater(29055): Could not find generated setter for class com.facebook.react.views.safeareaview.ReactSafeAreaViewManager
05-07 09:02:18.844 W/unknown:ViewManagerPropertyUpdater(29055): Could not find generated setter for class com.horcrux.svg.RenderableViewManager$LinearGradientManager
05-07 09:02:18.851 W/unknown:ViewManagerPropertyUpdater(29055): Could not find generated setter for class com.horcrux.svg.RenderableViewManager$FeGaussianBlurManager
05-07 09:02:18.857 W/unknown:ViewManagerPropertyUpdater(29055): Could not find generated setter for class com.facebook.react.views.progressbar.ReactProgressBarViewManager
05-07 09:02:18.857 W/unknown:ViewManagerPropertyUpdater(29055): Could not find generated setter for class com.facebook.react.views.progressbar.ProgressBarShadowNode
05-07 09:02:18.866 W/unknown:ViewManagerPropertyUpdater(29055): Could not find generated setter for class com.facebook.react.views.scroll.ReactHorizontalScrollViewManager
05-07 09:02:18.874 W/unknown:ViewManagerPropertyUpdater(29055): Could not find generated setter for class com.facebook.react.views.text.ReactTextViewManager
05-07 09:02:18.875 W/unknown:ViewManagerPropertyUpdater(29055): Could not find generated setter for class com.facebook.react.views.text.ReactTextShadowNode
05-07 09:02:18.882 W/unknown:ViewManagerPropertyUpdater(29055): Could not find generated setter for class com.horcrux.svg.RenderableViewManager$FeColorMatrixManager
05-07 09:02:18.887 W/unknown:ViewManagerPropertyUpdater(29055): Could not find generated setter for class com.facebook.react.views.scroll.ReactHorizontalScrollContainerViewManager
05-07 09:02:18.893 W/unknown:ViewManagerPropertyUpdater(29055): Could not find generated setter for class com.horcrux.svg.RenderableViewManager$ClipPathViewManager
05-07 09:02:18.899 W/unknown:ViewManagerPropertyUpdater(29055): Could not find generated setter for class com.horcrux.svg.RenderableViewManager$SymbolManager
05-07 09:02:18.906 W/unknown:ViewManagerPropertyUpdater(29055): Could not find generated setter for class com.horcrux.svg.RenderableViewManager$PatternManager
05-07 09:02:18.912 W/unknown:ViewManagerPropertyUpdater(29055): Could not find generated setter for class com.horcrux.svg.RenderableViewManager$FeBlendManager
05-07 09:02:18.916 W/unknown:ViewManagerPropertyUpdater(29055): Could not find generated setter for class com.facebook.react.views.view.ReactViewManager
05-07 09:02:18.924 W/unknown:ViewManagerPropertyUpdater(29055): Could not find generated setter for class com.horcrux.svg.SvgViewManager
05-07 09:02:18.931 W/unknown:ViewManagerPropertyUpdater(29055): Could not find generated setter for class com.facebook.react.views.switchview.ReactSwitchManager
05-07 09:02:18.931 W/unknown:ViewManagerPropertyUpdater(29055): Could not find generated setter for class com.facebook.react.views.switchview.ReactSwitchShadowNode
05-07 09:02:18.936 W/unknown:ViewManagerPropertyUpdater(29055): Could not find generated setter for class com.horcrux.svg.RenderableViewManager$UseViewManager
05-07 09:02:18.941 W/unknown:ViewManagerPropertyUpdater(29055): Could not find generated setter for class com.horcrux.svg.RenderableViewManager$CircleViewManager
05-07 09:02:18.947 W/unknown:ViewManagerPropertyUpdater(29055): Could not find generated setter for class com.horcrux.svg.RenderableViewManager$TSpanViewManager
05-07 09:02:18.952 W/unknown:ViewManagerPropertyUpdater(29055): Could not find generated setter for class com.horcrux.svg.RenderableViewManager$FilterManager
05-07 09:02:18.958 W/unknown:ViewManagerPropertyUpdater(29055): Could not find generated setter for class com.horcrux.svg.RenderableViewManager$MarkerManager
05-07 09:02:18.963 W/unknown:ViewManagerPropertyUpdater(29055): Could not find generated setter for class com.swmansion.gesturehandler.react.RNGestureHandlerButtonViewManager
05-07 09:02:18.969 W/unknown:ViewManagerPropertyUpdater(29055): Could not find generated setter for class com.facebook.react.views.modal.ReactModalHostManager
05-07 09:02:18.973 W/unknown:ViewManagerPropertyUpdater(29055): Could not find generated setter for class com.horcrux.svg.RenderableViewManager$ForeignObjectManager
05-07 09:02:18.979 W/unknown:ViewManagerPropertyUpdater(29055): Could not find generated setter for class com.horcrux.svg.RenderableViewManager$EllipseViewManager
05-07 09:02:18.986 W/unknown:ViewManagerPropertyUpdater(29055): Could not find generated setter for class com.horcrux.svg.RenderableViewManager$LineViewManager
05-07 09:02:18.993 W/unknown:ViewManagerPropertyUpdater(29055): Could not find generated setter for class com.facebook.react.views.text.frescosupport.FrescoBasedReactTextInlineImageViewManager
05-07 09:02:18.994 W/unknown:ViewManagerPropertyUpdater(29055): Could not find generated setter for class com.facebook.react.views.text.frescosupport.FrescoBasedReactTextInlineImageShadowNode
05-07 09:02:18.999 W/unknown:ViewManagerPropertyUpdater(29055): Could not find generated setter for class com.horcrux.svg.RenderableViewManager$FeFloodManager
05-07 09:02:19.005 W/unknown:ViewManagerPropertyUpdater(29055): Could not find generated setter for class com.horcrux.svg.RenderableViewManager$GroupViewManager
05-07 09:02:19.010 W/unknown:ViewManagerPropertyUpdater(29055): Could not find generated setter for class com.horcrux.svg.RenderableViewManager$TextViewManager
05-07 09:02:19.016 W/unknown:ViewManagerPropertyUpdater(29055): Could not find generated setter for class com.horcrux.svg.RenderableViewManager$ImageViewManager
05-07 09:02:19.021 W/unknown:ViewManagerPropertyUpdater(29055): Could not find generated setter for class com.horcrux.svg.RenderableViewManager$FeCompositeManager
05-07 09:02:19.028 W/unknown:ViewManagerPropertyUpdater(29055): Could not find generated setter for class com.facebook.react.views.image.ReactImageManager
05-07 09:02:19.033 W/unknown:ViewManagerPropertyUpdater(29055): Could not find generated setter for class com.horcrux.svg.RenderableViewManager$RadialGradientManager
05-07 09:02:19.038 W/unknown:ViewManagerPropertyUpdater(29055): Could not find generated setter for class com.horcrux.svg.RenderableViewManager$MaskManager
05-07 09:02:19.043 W/unknown:ViewManagerPropertyUpdater(29055): Could not find generated setter for class com.facebook.react.views.unimplementedview.ReactUnimplementedViewManager
05-07 09:02:19.048 W/unknown:ViewManagerPropertyUpdater(29055): Could not find generated setter for class com.horcrux.svg.RenderableViewManager$RectViewManager
05-07 09:02:19.054 W/unknown:ViewManagerPropertyUpdater(29055): Could not find generated setter for class com.horcrux.svg.RenderableViewManager$TextPathViewManager
05-07 09:02:19.061 W/unknown:ViewManagerPropertyUpdater(29055): Could not find generated setter for class com.facebook.react.views.scroll.ReactScrollViewManager
05-07 09:02:19.066 W/unknown:ViewManagerPropertyUpdater(29055): Could not find generated setter for class com.horcrux.svg.RenderableViewManager$FeOffsetManager
05-07 09:02:19.070 W/unknown:ViewManagerPropertyUpdater(29055): Could not find generated setter for class com.horcrux.svg.RenderableViewManager$PathViewManager
05-07 09:02:19.076 W/unknown:ViewManagerPropertyUpdater(29055): Could not find generated setter for class com.facebook.react.views.drawer.ReactDrawerLayoutManager
05-07 09:02:19.082 W/unknown:ViewManagerPropertyUpdater(29055): Could not find generated setter for class com.facebook.react.views.swiperefresh.SwipeRefreshLayoutManager
05-07 09:02:19.090 W/unknown:ViewManagerPropertyUpdater(29055): Could not find generated setter for class com.facebook.react.views.textinput.ReactTextInputManager
05-07 09:02:19.091 W/unknown:ViewManagerPropertyUpdater(29055): Could not find generated setter for class com.facebook.react.views.textinput.ReactTextInputShadowNode
05-07 09:02:19.097 W/unknown:ViewManagerPropertyUpdater(29055): Could not find generated setter for class com.swmansion.gesturehandler.react.RNGestureHandlerRootViewManager
05-07 09:02:19.164 W/BridgelessReactContext(29055): [WARNING] Bridgeless doesn't support CatalystInstance. Accessing an API that's not part of the new architecture is not encouraged usage.
05-07 09:02:19.189 I/ExpoModulesCore(29055): ✅ JSI interop was installed
05-07 09:02:19.212 I/ExpoModulesCore(29055): ✅ Constants were exported
05-07 09:02:19.478 I/ReactNativeJS(29055): Running "main" with {"rootTag":1,"initialProps":{},"fabric":true}
05-07 09:02:22.095 W/ReactNativeJS(29055): 'Require cycle: src/features/settings/index.ts -> src/features/settings/screens/SettingsScreen.tsx -> src/features/settings/index.ts\n\nRequire cycles are allowed, but can result in uninitialized values. Consider refactoring to remove the need for a cycle.', { [Stack] name: 'Stack' }
05-07 09:02:23.515 W/ProcessStats(22939): Tracking association SourceState{93d3be0 system/1000 ImpBg #2635} whose proc state 6 is better than process ProcessState{9bedb34 com.android.vending/10153 pkg=com.android.vending} proc state 14 (2 skipped)
05-07 09:02:23.833 E/AbstractLogEventBuilder(27541): The provided ProductIdOrigin 3 is not one of the process-level expected values: 1 or 2
05-07 09:02:23.981 W/android.vending(27541): Suspending all threads took: 8.334ms
05-07 09:02:24.335 W/GetConfigSnapshotOp(26411): Succeeded but not registered: com.google.android.gms.clearcut_client#com.android.vending [CONTEXT service_id=51 ]
05-07 09:02:24.365 W/Finsky  (27541): [116] SLM: no metadata property com.android.vending.derived.apk.id found for shared library com.google.android.trichromelibrary_763221838:
05-07 09:02:24.365 W/Finsky  (27541): [116] SLM: no metadata property com.android.vending.sdk.version.patch found for shared library com.google.android.trichromelibrary_763221838:
05-07 09:02:25.057 W/libbinder.IPCThreadState(22939): Sending oneway calls to frozen process.
05-07 09:02:25.059 W/libbinder.IPCThreadState(22939): Sending oneway calls to frozen process.
05-07 09:02:25.059 W/libbinder.IPCThreadState(22939): Sending oneway calls to frozen process.
05-07 09:02:25.060 W/libbinder.IPCThreadState(22939): Sending oneway calls to frozen process.
05-07 09:02:25.065 W/libbinder.IPCThreadState(22939): Sending oneway calls to frozen process.
05-07 09:02:25.175 W/JobService(27541): onNetworkChanged() not implemented in com.google.android.finsky.scheduler.process.mainimpl.PhoneskyJobServiceMain. Must override in a subclass.
05-07 09:02:25.214 I/ReactNativeJS(29055): [BOOT-AP +0ms] module: AuthProvider.tsx evaluated
05-07 09:02:25.223 I/ReactNativeJS(29055): [BOOT +0ms] module: _layout.tsx evaluated
05-07 09:02:25.233 I/ReactNativeJS(29055): [BOOT +9ms] module: registerMutationDefaults done
05-07 09:02:25.801 W/android.vending(27541): Suspending all threads took: 5.655ms
05-07 09:02:26.506 I/ReactNativeJS(29055): [BOOT +1277ms] RootLayout render isLoading=true
05-07 09:02:26.515 I/ReactNativeJS(29055): [BOOT-AP +1308ms] AuthProvider render
05-07 09:02:26.673 W/unknown:ReactNative(29055): StatusBarModule: Ignored status bar change, current activity is edge-to-edge.
05-07 09:02:26.674 W/unknown:ReactNative(29055): StatusBarModule: Ignored status bar change, current activity is edge-to-edge.
05-07 09:02:26.687 I/ReactNativeJS(29055): [BOOT-AP +1479ms] AuthProvider effect: calling loadStoredAuth + loadStoredFeatures
05-07 09:02:26.691 I/ReactNativeJS(29055): [BOOT-AUTH +0ms] loadStoredAuth ENTER
05-07 09:02:26.694 I/ReactNativeJS(29055): [BOOT-AUTH +6ms] before SecureStore.getItemAsync TOKEN_KEY
05-07 09:02:26.695 W/[RNScreens](29055): backTitleFontFamily prop is not available on Android
05-07 09:02:26.695 W/[RNScreens](29055): disableBackButtonMenu prop is not available on Android
05-07 09:02:26.696 W/[RNScreens](29055): backTitleVisible prop is not available on Android
05-07 09:02:26.696 W/[RNScreens](29055): topInsetEnabled prop is not available on Android
05-07 09:02:26.696 W/[RNScreens](29055): largeTitleHideShadow prop is not available on Android
05-07 09:02:26.696 W/[RNScreens](29055): largeTitleFontWeight prop is not available on Android
05-07 09:02:26.697 W/[RNScreens](29055): userInterfaceStyle prop is not available on Android
05-07 09:02:26.697 W/[RNScreens](29055): largeTitleFontFamily prop is not available on Android
05-07 09:02:26.706 I/ReactNativeJS(29055): [BOOT-FEAT +0ms] loadStoredFeatures ENTER
05-07 09:02:26.709 I/ReactNativeJS(29055): [BOOT-FEAT +2ms] before SecureStore.getItemAsync FEATURES_KEY
05-07 09:02:26.717 I/ReactNativeJS(29055): [BOOT +1493ms] RootLayout splash-gate effect isLoading=true
05-07 09:02:26.731 W/ReactNativeJS(29055): 'Push notifications only work on physical devices', { [Stack] name: 'Stack' }
05-07 09:02:26.809 I/ReactNative(29055): [GESTURE HANDLER] Initialize gesture handler for root view com.facebook.react.runtime.ReactSurfaceView{943aa15 V.E...... ......ID 0,0-1080,2424 #1}
05-07 09:02:26.931 I/ReactNativeJS(29055): [BOOT-AUTH +244ms] after SecureStore.getItemAsync token=null
05-07 09:02:26.933 I/ReactNativeJS(29055): [BOOT-AUTH +246ms] no token → set isLoading=false
05-07 09:02:26.935 I/ReactNativeJS(29055): [BOOT-AUTH +247ms] loadStoredAuth FINALLY
05-07 09:02:26.941 I/ReactNativeJS(29055): [BOOT +1718ms] RootLayout render isLoading=false
05-07 09:02:26.990 I/ReactNativeJS(29055): [BOOT +1765ms] RootLayout splash-gate effect isLoading=false
05-07 09:02:26.999 I/ReactNativeJS(29055): [BOOT +1773ms] RootLayout calling SplashScreen.hideAsync (natural)
05-07 09:02:27.000 I/ReactNativeJS(29055): [BOOT-AP +1794ms] loadStoredAuth resolved
05-07 09:02:27.320 W/skia    (  529): AGTM parsing failed flags.readFromStream(s) at 159
05-07 09:02:27.419 W/skia    (  529): AGTM parsing failed flags.readFromStream(s) at 159
05-07 09:02:27.921 W/skia    (  529): AGTM parsing failed flags.readFromStream(s) at 159
05-07 09:02:27.966 I/ReactNativeJS(29055): [BOOT-FEAT +1260ms] after SecureStore.getItemAsync raw=present
05-07 09:02:27.969 I/ReactNativeJS(29055): [BOOT-FEAT +1263ms] loadStoredFeatures DONE
05-07 09:02:27.970 I/ReactNativeJS(29055): [BOOT-AP +2763ms] loadStoredFeatures resolved
05-07 09:02:27.989 W/InputChannel-JNI(22939): Channel already disposed.
05-07 09:02:28.022 W/skia    (  529): AGTM parsing failed flags.readFromStream(s) at 159
05-07 09:02:28.039 W/NotificationCenter(27446): NotificationCenter$NotificationQueue.notifyPendingNotificationsOnExecutor():877 Heavy notify work detected on UI thread: [nhm->kxt, nhm->kxt, nhm->ilb, nhm->pnx, nhm->kxt, nhm->kxt, nhm->nge, nhm->kxt, nhm->kxt, nhm->gqd, nhm->mgr, nhm->kxt, nhm->kxt, nhm->lak, nhm->kxt, nhm->kux, nhm->mrv, nhm->ngn, nhm->gtb, nhm->eoz, nhm->kxt, nhm->hst, nhm->kxt, nhm->kxt, nhm->kxt, nhm->oyt, nhm->kxt] takes 24ms
05-07 09:02:28.128 W/libbinder.IPCThreadState(22939): Sending oneway calls to frozen process.
05-07 09:02:28.129 W/libbinder.IPCThreadState(22939): Sending oneway calls to frozen process.
05-07 09:02:28.129 W/libbinder.IPCThreadState(22939): Sending oneway calls to frozen process.
05-07 09:02:28.129 W/skia    (  529): AGTM parsing failed flags.readFromStream(s) at 159
05-07 09:02:28.129 W/libbinder.IPCThreadState(22939): Sending oneway calls to frozen process.
05-07 09:02:28.130 W/libbinder.IPCThreadState(22939): Sending oneway calls to frozen process.
05-07 09:02:28.134 W/PackageConfigPersister(22939): App-specific configuration not found for packageName: app.theprimeway.twa and userId: 0
05-07 09:02:28.203 W/[RNScreens](29055): backTitleFontFamily prop is not available on Android
05-07 09:02:28.203 W/[RNScreens](29055): disableBackButtonMenu prop is not available on Android
05-07 09:02:28.203 W/[RNScreens](29055): backTitleVisible prop is not available on Android
05-07 09:02:28.203 W/[RNScreens](29055): topInsetEnabled prop is not available on Android
05-07 09:02:28.204 W/[RNScreens](29055): largeTitleHideShadow prop is not available on Android
05-07 09:02:28.204 W/[RNScreens](29055): largeTitleFontWeight prop is not available on Android
05-07 09:02:28.204 W/[RNScreens](29055): userInterfaceStyle prop is not available on Android
05-07 09:02:28.204 W/[RNScreens](29055): largeTitleFontFamily prop is not available on Android
05-07 09:02:28.209 W/[RNScreens](29055): backTitleFontFamily prop is not available on Android
05-07 09:02:28.209 W/[RNScreens](29055): disableBackButtonMenu prop is not available on Android
05-07 09:02:28.209 W/[RNScreens](29055): backTitleVisible prop is not available on Android
05-07 09:02:28.209 W/[RNScreens](29055): topInsetEnabled prop is not available on Android
05-07 09:02:28.209 W/[RNScreens](29055): largeTitleHideShadow prop is not available on Android
05-07 09:02:28.209 W/[RNScreens](29055): largeTitleFontWeight prop is not available on Android
05-07 09:02:28.209 W/[RNScreens](29055): userInterfaceStyle prop is not available on Android
05-07 09:02:28.210 W/[RNScreens](29055): largeTitleFontFamily prop is not available on Android
05-07 09:02:28.257 W/skia    (  529): AGTM parsing failed flags.readFromStream(s) at 159
05-07 09:02:28.359 W/skia    (  529): AGTM parsing failed flags.readFromStream(s) at 159
05-07 09:02:28.469 W/skia    (  529): AGTM parsing failed flags.readFromStream(s) at 159
05-07 09:02:28.571 W/skia    (  529): AGTM parsing failed flags.readFromStream(s) at 159
05-07 09:02:28.672 W/skia    (  529): AGTM parsing failed flags.readFromStream(s) at 159
05-07 09:02:28.774 W/skia    (  529): AGTM parsing failed flags.readFromStream(s) at 159
05-07 09:02:28.883 W/skia    (  529): AGTM parsing failed flags.readFromStream(s) at 159
05-07 09:02:29.986 W/skia    (  529): AGTM parsing failed flags.readFromStream(s) at 159
05-07 09:02:30.087 W/skia    (  529): AGTM parsing failed flags.readFromStream(s) at 159
05-07 09:02:30.189 W/skia    (  529): AGTM parsing failed flags.readFromStream(s) at 159
05-07 09:02:30.292 W/skia    (  529): AGTM parsing failed flags.readFromStream(s) at 159
05-07 09:02:33.247 I/ReactNativeJS(29055): [BOOT +8024ms] FALLBACK splash hideAsync
05-07 09:02:34.168 W/libbinder.IPCThreadState(22939): Sending oneway calls to frozen process.
05-07 09:02:34.168 W/libbinder.IPCThreadState(22939): Sending oneway calls to frozen process.
05-07 09:02:34.168 W/libbinder.IPCThreadState(22939): Sending oneway calls to frozen process.
05-07 09:02:34.168 W/libbinder.IPCThreadState(22939): Sending oneway calls to frozen process.
05-07 09:02:34.170 W/libbinder.IPCThreadState(22939): Sending oneway calls to frozen process.
05-07 09:02:40.184 W/libbinder.IPCThreadState(22939): Sending oneway calls to frozen process.
05-07 09:02:40.184 W/libbinder.IPCThreadState(22939): Sending oneway calls to frozen process.
05-07 09:02:40.184 W/libbinder.IPCThreadState(22939): Sending oneway calls to frozen process.
05-07 09:02:40.184 W/libbinder.IPCThreadState(22939): Sending oneway calls to frozen process.
05-07 09:02:40.184 W/libbinder.IPCThreadState(22939): Sending oneway calls to frozen process.
05-07 09:02:40.185 W/libbinder.IPCThreadState(22939): Sending oneway calls to frozen process.
05-07 09:02:46.202 W/libbinder.IPCThreadState(22939): Sending oneway calls to frozen process.
05-07 09:02:46.202 W/libbinder.IPCThreadState(22939): Sending oneway calls to frozen process.
05-07 09:02:46.202 W/libbinder.IPCThreadState(22939): Sending oneway calls to frozen process.
05-07 09:02:46.202 W/libbinder.IPCThreadState(22939): Sending oneway calls to frozen process.
05-07 09:02:46.202 W/libbinder.IPCThreadState(22939): Sending oneway calls to frozen process.
05-07 09:02:46.202 W/libbinder.IPCThreadState(22939): Sending oneway calls to frozen process.
05-07 09:02:49.213 W/libbinder.IPCThreadState(22939): Sending oneway calls to frozen process.
05-07 09:02:49.213 W/libbinder.IPCThreadState(22939): Sending oneway calls to frozen process.
05-07 09:02:49.213 W/libbinder.IPCThreadState(22939): Sending oneway calls to frozen process.
05-07 09:02:49.213 W/libbinder.IPCThreadState(22939): Sending oneway calls to frozen process.
05-07 09:02:49.215 W/libbinder.IPCThreadState(22939): Sending oneway calls to frozen process.
05-07 09:02:49.215 W/libbinder.IPCThreadState(22939): Sending oneway calls to frozen process.
05-07 09:03:00.133 W/skia    (  529): AGTM parsing failed flags.readFromStream(s) at 159
05-07 09:03:00.968 W/skia    (  529): AGTM parsing failed flags.readFromStream(s) at 159
05-07 09:03:01.256 W/libbinder.IPCThreadState(22939): Sending oneway calls to frozen process.
05-07 09:03:01.258 W/libbinder.IPCThreadState(22939): Sending oneway calls to frozen process.
05-07 09:03:01.258 W/libbinder.IPCThreadState(22939): Sending oneway calls to frozen process.
05-07 09:03:01.259 W/libbinder.IPCThreadState(22939): Sending oneway calls to frozen process.
05-07 09:03:01.260 W/libbinder.IPCThreadState(22939): Sending oneway calls to frozen process.
05-07 09:03:01.261 W/libbinder.IPCThreadState(22939): Sending oneway calls to frozen process.
05-07 09:03:04.266 W/libbinder.IPCThreadState(22939): Sending oneway calls to frozen process.
05-07 09:03:04.267 W/libbinder.IPCThreadState(22939): Sending oneway calls to frozen process.
05-07 09:03:04.267 W/libbinder.IPCThreadState(22939): Sending oneway calls to frozen process.
05-07 09:03:04.267 W/libbinder.IPCThreadState(22939): Sending oneway calls to frozen process.
05-07 09:03:04.267 W/libbinder.IPCThreadState(22939): Sending oneway calls to frozen process.
05-07 09:03:04.268 W/libbinder.IPCThreadState(22939): Sending oneway calls to frozen process.
05-07 09:03:31.720 W/libc    (27896): Access denied finding property "ro.debuggable"
05-07 09:03:40.966 W/skia    (  529): AGTM parsing failed flags.readFromStream(s) at 159
05-07 09:03:46.376 W/libbinder.IPCThreadState(22939): Sending oneway calls to frozen process.
05-07 09:03:46.376 W/libbinder.IPCThreadState(22939): Sending oneway calls to frozen process.
05-07 09:03:46.376 W/libbinder.IPCThreadState(22939): Sending oneway calls to frozen process.
05-07 09:03:46.376 W/libbinder.IPCThreadState(22939): Sending oneway calls to frozen process.
05-07 09:03:46.376 W/libbinder.IPCThreadState(22939): Sending oneway calls to frozen process.
05-07 09:03:46.376 W/libbinder.IPCThreadState(22939): Sending oneway calls to frozen process.
05-07 09:03:49.384 W/libbinder.IPCThreadState(22939): Sending oneway calls to frozen process.
05-07 09:03:49.384 W/libbinder.IPCThreadState(22939): Sending oneway calls to frozen process.
05-07 09:03:49.385 W/libbinder.IPCThreadState(22939): Sending oneway calls to frozen process.
05-07 09:03:49.385 W/libbinder.IPCThreadState(22939): Sending oneway calls to frozen process.
05-07 09:03:49.385 W/libbinder.IPCThreadState(22939): Sending oneway calls to frozen process.
05-07 09:03:49.387 W/libbinder.IPCThreadState(22939): Sending oneway calls to frozen process.
05-07 09:03:52.396 W/libbinder.IPCThreadState(22939): Sending oneway calls to frozen process.
05-07 09:03:52.397 W/libbinder.IPCThreadState(22939): Sending oneway calls to frozen process.
05-07 09:03:52.397 W/libbinder.IPCThreadState(22939): Sending oneway calls to frozen process.
05-07 09:03:52.397 W/libbinder.IPCThreadState(22939): Sending oneway calls to frozen process.
05-07 09:03:52.397 W/libbinder.IPCThreadState(22939): Sending oneway calls to frozen process.
05-07 09:03:52.397 W/libbinder.IPCThreadState(22939): Sending oneway calls to frozen process.
05-07 09:03:55.402 W/libbinder.IPCThreadState(22939): Sending oneway calls to frozen process.
05-07 09:03:55.403 W/libbinder.IPCThreadState(22939): Sending oneway calls to frozen process.
05-07 09:03:55.403 W/libbinder.IPCThreadState(22939): Sending oneway calls to frozen process.
05-07 09:03:55.403 W/libbinder.IPCThreadState(22939): Sending oneway calls to frozen process.
05-07 09:03:55.404 W/libbinder.IPCThreadState(22939): Sending oneway calls to frozen process.
05-07 09:03:55.404 W/libbinder.IPCThreadState(22939): Sending oneway calls to frozen process.
05-07 09:04:00.067 W/skia    (  529): AGTM parsing failed flags.readFromStream(s) at 159
05-07 09:04:01.416 W/libbinder.IPCThreadState(22939): Sending oneway calls to frozen process.
05-07 09:04:01.416 W/libbinder.IPCThreadState(22939): Sending oneway calls to frozen process.
05-07 09:04:01.417 W/libbinder.IPCThreadState(22939): Sending oneway calls to frozen process.
05-07 09:04:01.417 W/libbinder.IPCThreadState(22939): Sending oneway calls to frozen process.
05-07 09:04:01.417 W/libbinder.IPCThreadState(22939): Sending oneway calls to frozen process.
05-07 09:04:01.417 W/libbinder.IPCThreadState(22939): Sending oneway calls to frozen process.
05-07 09:04:05.938 W/ot-daemon(23214): [WARN]-UTILS---: Some telemetries are not populated
05-07 09:04:05.942 W/ot-daemon(23214): [WARN]-UTILS---: Failed to push ThreadnetworkTelemetryDataReported
05-07 09:04:05.943 W/ot-daemon(23214): [WARN]-UTILS---: Failed to push ThreadnetworkTopoEntryRepeated
05-07 09:04:05.945 W/ot-daemon(23214): [WARN]-UTILS---: Failed to push ThreadnetworkDeviceInfoReported
05-07 09:04:07.439 W/libbinder.IPCThreadState(22939): Sending oneway calls to frozen process.
05-07 09:04:07.439 W/libbinder.IPCThreadState(22939): Sending oneway calls to frozen process.
05-07 09:04:07.439 W/libbinder.IPCThreadState(22939): Sending oneway calls to frozen process.
05-07 09:04:07.439 W/libbinder.IPCThreadState(22939): Sending oneway calls to frozen process.
05-07 09:04:07.439 W/libbinder.IPCThreadState(22939): Sending oneway calls to frozen process.
05-07 09:04:07.439 W/libbinder.IPCThreadState(22939): Sending oneway calls to frozen process.
05-07 09:04:13.454 W/libbinder.IPCThreadState(22939): Sending oneway calls to frozen process.
05-07 09:04:13.456 W/libbinder.IPCThreadState(22939): Sending oneway calls to frozen process.
05-07 09:04:13.456 W/libbinder.IPCThreadState(22939): Sending oneway calls to frozen process.
05-07 09:04:13.456 W/libbinder.IPCThreadState(22939): Sending oneway calls to frozen process.
05-07 09:04:13.456 W/libbinder.IPCThreadState(22939): Sending oneway calls to frozen process.
05-07 09:04:13.457 W/libbinder.IPCThreadState(22939): Sending oneway calls to frozen process.
05-07 09:04:15.580 W/skia    (  529): AGTM parsing failed flags.readFromStream(s) at 159
05-07 09:04:15.611 W/InputChannel-JNI(22939): Channel already disposed.
05-07 09:04:15.675 W/InputChannel-JNI(22939): Channel already disposed.
05-07 09:04:15.687 W/skia    (  529): AGTM parsing failed flags.readFromStream(s) at 159
05-07 09:04:15.789 W/skia    (  529): AGTM parsing failed flags.readFromStream(s) at 159
